#
# There is insufficient memory for the Java Runtime Environment to continue.
# Native memory allocation (malloc) failed to allocate 1070496 bytes for Chunk::new
# Possible reasons:
#   The system is out of physical RAM or swap space
#   The process is running with CompressedOops enabled, and the Java Heap may be blocking the growth of the native heap
# Possible solutions:
#   Reduce memory load on the system
#   Increase physical memory or swap space
#   Check if swap backing store is full
#   Decrease Java heap size (-Xmx/-Xms)
#   Decrease number of Java threads
#   Decrease Java thread stack sizes (-Xss)
#   Set larger code cache with -XX:ReservedCodeCacheSize=
#   JVM is running with Unscaled Compressed Oops mode in which the Java heap is
#     placed in the first 4GB address space. The Java Heap base address is the
#     maximum limit for the native heap growth. Please use -XX:HeapBaseMinAddress
#     to set the Java Heap base and to place the Java Heap above 4GB virtual address.
# This output file may be truncated or incomplete.
#
#  Out of Memory Error (./src/hotspot/share/memory/arena.cpp:197), pid=153228, tid=155464
#
# JRE version: OpenJDK Runtime Environment JBR-11.0.12.7-1504.40-jcef (11.0.12+7) (build 11.0.12+7-b1504.40)
# Java VM: OpenJDK 64-Bit Server VM JBR-11.0.12.7-1504.40-jcef (11.0.12+7-b1504.40, mixed mode, tiered, compressed oops, g1 gc, windows-amd64)
# No core dump will be written. Failed to create minidump file (0x5).
#

---------------  S U M M A R Y ------------

Command Line: exit -Xms128m -Xmx1011m -XX:ReservedCodeCacheSize=512m -XX:+UseG1GC -XX:SoftRefLRUPolicyMSPerMB=50 -XX:CICompilerCount=2 -XX:+HeapDumpOnOutOfMemoryError -XX:-OmitStackTraceInFastThrow -ea -Dsun.io.useCanonCaches=false -Djdk.http.auth.tunneling.disabledSchemes="" -Djdk.attach.allowAttachSelf=true -Djdk.module.illegalAccess.silent=true -Dkotlinx.coroutines.debug=off -Djb.vmOptionsFile=C:\Users\csiuser1\AppData\Roaming\JetBrains\PyCharmCE2021.2\pycharm64.exe.vmoptions -Djava.system.class.loader=com.intellij.util.lang.PathClassLoader -Didea.vendor.name=JetBrains -Didea.paths.selector=PyCharmCE2021.2 -Didea.platform.prefix=PyCharmCore -Dsplash=true -Dide.native.launcher=true -XX:ErrorFile=C:\Users\csiuser1\java_error_in_pycharm64_%p.log -XX:HeapDumpPath=C:\Users\csiuser1\java_error_in_pycharm64.hprof 

Host: Intel(R) Xeon(R) CPU E5-2686 v4 @ 2.30GHz, 4 cores, 15G,  Windows Server 2019 , 64 bit Build 17763 (10.0.17763.475)
Time: Wed Feb 22 10:21:31 2023 Coordinated Universal Time elapsed time: 261.201567 seconds (0d 0h 4m 21s)

---------------  T H R E A D  ---------------

Current thread (0x000000002c016800):  JavaThread "C2 CompilerThread0" daemon [_thread_in_native, id=155464, stack(0x000000002cb10000,0x000000002cc10000)]


Current CompileTask:
C2: 261201 20040       4       java.lang.invoke.LambdaFormEditor::bindArgumentForm (269 bytes)

Stack: [0x000000002cb10000,0x000000002cc10000]
Native frames: (J=compiled Java code, j=interpreted, Vv=VM code, C=native code)
V  [jvm.dll+0x5ff40a]
V  [jvm.dll+0x783b65]
V  [jvm.dll+0x78517d]
V  [jvm.dll+0x785833]
V  [jvm.dll+0x249408]
V  [jvm.dll+0xc12ac]
V  [jvm.dll+0xc17dc]
V  [jvm.dll+0x2be9c4]
V  [jvm.dll+0x51370b]
V  [jvm.dll+0x209d33]
V  [jvm.dll+0x203970]
V  [jvm.dll+0x2010af]
V  [jvm.dll+0x18ae6c]
V  [jvm.dll+0x20fb97]
V  [jvm.dll+0x20e3c1]
V  [jvm.dll+0x74b88f]
V  [jvm.dll+0x744355]
V  [jvm.dll+0x5fe316]
C  [ucrtbase.dll+0x2268a]
C  [KERNEL32.DLL+0x17974]
C  [ntdll.dll+0x5a0b1]


---------------  P R O C E S S  ---------------

Threads class SMR info:
_java_thread_list=0x000000006d3d8680, length=34, elements={
0x00000000029f0800, 0x000000002b5f7000, 0x000000002b5f8000, 0x000000002b5f1000,
0x000000002b5f3000, 0x000000002b5f5000, 0x000000002c016800, 0x000000002c01d000,
0x000000002c072800, 0x000000002c1b4800, 0x000000002c282800, 0x000000002c3d4800,
0x000000002fab8800, 0x000000002f762800, 0x000000002f55c000, 0x000000002f605000,
0x000000004ac2d000, 0x000000004ac2c800, 0x000000004ac2e000, 0x000000004ac30800,
0x000000004ea9e000, 0x000000004ea9e800, 0x000000004ea9d000, 0x000000004ea9f800,
0x000000004ea9b800, 0x000000004eaa0800, 0x000000004eaa5000, 0x000000006703f000,
0x0000000067041800, 0x000000006703d800, 0x000000006703f800, 0x0000000067046800,
0x0000000067044800, 0x0000000067048000
}

Java Threads: ( => current thread )
  0x00000000029f0800 JavaThread "main" [_thread_blocked, id=153064, stack(0x0000000000050000,0x0000000000150000)]
  0x000000002b5f7000 JavaThread "Reference Handler" daemon [_thread_blocked, id=153000, stack(0x000000002c510000,0x000000002c610000)]
  0x000000002b5f8000 JavaThread "Finalizer" daemon [_thread_blocked, id=156028, stack(0x000000002c610000,0x000000002c710000)]
  0x000000002b5f1000 JavaThread "Signal Dispatcher" daemon [_thread_blocked, id=81324, stack(0x000000002c810000,0x000000002c910000)]
  0x000000002b5f3000 JavaThread "Attach Listener" daemon [_thread_blocked, id=156164, stack(0x000000002c910000,0x000000002ca10000)]
  0x000000002b5f5000 JavaThread "Service Thread" daemon [_thread_blocked, id=132624, stack(0x000000002ca10000,0x000000002cb10000)]
=>0x000000002c016800 JavaThread "C2 CompilerThread0" daemon [_thread_in_native, id=155464, stack(0x000000002cb10000,0x000000002cc10000)]
  0x000000002c01d000 JavaThread "C1 CompilerThread0" daemon [_thread_blocked, id=155872, stack(0x000000002cc10000,0x000000002cd10000)]
  0x000000002c072800 JavaThread "Sweeper thread" daemon [_thread_blocked, id=155844, stack(0x000000002cd10000,0x000000002ce10000)]
  0x000000002c1b4800 JavaThread "Common-Cleaner" daemon [_thread_blocked, id=155432, stack(0x000000002ce10000,0x000000002cf10000)]
  0x000000002c282800 JavaThread "WinLauncher external command processing thread" [_thread_in_native, id=151320, stack(0x000000002d010000,0x000000002d110000)]
  0x000000002c3d4800 JavaThread "JobScheduler FJ pool 2/3" daemon [_thread_blocked, id=121000, stack(0x000000003d8e0000,0x000000003d9e0000)]
  0x000000002fab8800 JavaThread "Java2D Disposer" daemon [_thread_blocked, id=154736, stack(0x0000000049a10000,0x0000000049b10000)]
  0x000000002f762800 JavaThread "AWT-Shutdown" [_thread_blocked, id=155168, stack(0x0000000049b10000,0x0000000049c10000)]
  0x000000002f55c000 JavaThread "AWT-Windows" daemon [_thread_in_native, id=151216, stack(0x0000000049c10000,0x0000000049d10000)]
  0x000000002f605000 JavaThread "AWT-EventQueue-0" [_thread_blocked, id=139440, stack(0x000000004a430000,0x000000004a530000)]
  0x000000004ac2d000 JavaThread "Periodic tasks thread" daemon [_thread_blocked, id=156624, stack(0x0000000050740000,0x0000000050840000)]
  0x000000004ac2c800 JavaThread "Netty Builtin Server 1" daemon [_thread_in_native, id=156420, stack(0x0000000050fe0000,0x00000000510e0000)]
  0x000000004ac2e000 JavaThread "Netty Builtin Server 2" daemon [_thread_in_native, id=156240, stack(0x00000000510e0000,0x00000000511e0000)]
  0x000000004ac30800 JavaThread "Netty Builtin Server 3" [_thread_in_native, id=155592, stack(0x000000005ed90000,0x000000005ee90000)]
  0x000000004ea9e000 JavaThread "TimerQueue" daemon [_thread_blocked, id=124948, stack(0x0000000064b50000,0x0000000064c50000)]
  0x000000004ea9e800 JavaThread "Batik CleanerThread" daemon [_thread_blocked, id=155056, stack(0x0000000067b60000,0x0000000067c60000)]
  0x000000004ea9d000 JavaThread "fsnotifier.exe" [_thread_in_native, id=154856, stack(0x0000000067c60000,0x0000000067d60000)]
  0x000000004ea9f800 JavaThread "BaseDataReader: output stream of fsnotifier.exe" [_thread_in_native, id=87968, stack(0x0000000067d60000,0x0000000067e60000)]
  0x000000004ea9b800 JavaThread "BaseDataReader: error stream of fsnotifier.exe" [_thread_in_native, id=156412, stack(0x0000000067e60000,0x0000000067f60000)]
  0x000000004eaa0800 JavaThread "ApplicationImpl pooled thread 9" [_thread_blocked, id=155900, stack(0x000000006a190000,0x000000006a290000)]
  0x000000004eaa5000 JavaThread "ApplicationImpl pooled thread 12" [_thread_blocked, id=154796, stack(0x000000006a490000,0x000000006a590000)]
  0x000000006703f000 JavaThread "Windows Shell integration" daemon [_thread_blocked, id=155584, stack(0x000000006be40000,0x000000006bf40000)]
  0x0000000067041800 JavaThread "Thread-0" daemon [_thread_in_native, id=153292, stack(0x000000006e070000,0x000000006e170000)]
  0x000000006703d800 JavaThread "pool-3-thread-1" [_thread_blocked, id=156368, stack(0x000000006e170000,0x000000006e270000)]
  0x000000006703f800 JavaThread "Connector-Local" [_thread_in_native, id=153964, stack(0x000000006e270000,0x000000006e370000)]
  0x0000000067046800 JavaThread "DefaultDispatcher-worker-1" daemon [_thread_blocked, id=156116, stack(0x000000006f770000,0x000000006f870000)]
  0x0000000067044800 JavaThread "DefaultDispatcher-worker-2" daemon [_thread_blocked, id=113944, stack(0x000000006f870000,0x000000006f970000)]
  0x0000000067048000 JavaThread "DefaultDispatcher-worker-3" daemon [_thread_blocked, id=147344, stack(0x000000006f970000,0x000000006fa70000)]

Other Threads:
  0x000000002b5c5000 VMThread "VM Thread" [stack: 0x000000002c410000,0x000000002c510000] [id=155936]
  0x000000002c279800 WatcherThread [stack: 0x000000002cf10000,0x000000002d010000] [id=154952]
  0x0000000002a07800 GCTaskThread "GC Thread#0" [stack: 0x00000000025a0000,0x00000000026a0000] [id=154880]
  0x000000002f4e1800 GCTaskThread "GC Thread#1" [stack: 0x000000003d3e0000,0x000000003d4e0000] [id=156600]
  0x000000002f4e2000 GCTaskThread "GC Thread#2" [stack: 0x000000003d4e0000,0x000000003d5e0000] [id=107452]
  0x000000002f4e2800 GCTaskThread "GC Thread#3" [stack: 0x000000003d5e0000,0x000000003d6e0000] [id=127560]
  0x0000000002a23000 ConcurrentGCThread "G1 Main Marker" [stack: 0x0000000028dd0000,0x0000000028ed0000] [id=153644]
  0x0000000002a25000 ConcurrentGCThread "G1 Conc#0" [stack: 0x0000000028ed0000,0x0000000028fd0000] [id=111412]
  0x000000002b426800 ConcurrentGCThread "G1 Refine#0" [stack: 0x000000002b610000,0x000000002b710000] [id=119340]
  0x000000002b429000 ConcurrentGCThread "G1 Young RemSet Sampling" [stack: 0x000000002b710000,0x000000002b810000] [id=137808]

Threads with active compile tasks:
C2 CompilerThread0 261233 20040       4       java.lang.invoke.LambdaFormEditor::bindArgumentForm (269 bytes)

VM state:not at safepoint (normal execution)

VM Mutex/Monitor currently owned by a thread: None

Heap address: 0x00000000c0c00000, size: 1012 MB, Compressed Oops mode: 32-bit
Narrow klass base: 0x0000000000000000, Narrow klass shift: 3
Compressed class space size: 1073741824 Address: 0x0000000100000000

Heap:
 garbage-first heap   total 287744K, used 214239K [0x00000000c0c00000, 0x0000000100000000)
  region size 1024K, 33 young (33792K), 1 survivors (1024K)
 Metaspace       used 207080K, capacity 213171K, committed 217836K, reserved 1239040K
  class space    used 24683K, capacity 27039K, committed 28592K, reserved 1048576K
Heap Regions: E=young(eden), S=young(survivor), O=old, HS=humongous(starts), HC=humongous(continues), CS=collection set, F=free, A=archive, TAMS=top-at-mark-start (previous, next)
|   0|0x00000000c0c00000, 0x00000000c0d00000, 0x00000000c0d00000|100%|HS|  |TAMS 0x00000000c0d00000, 0x00000000c0c00000| Complete 
|   1|0x00000000c0d00000, 0x00000000c0e00000, 0x00000000c0e00000|100%| O|  |TAMS 0x00000000c0e00000, 0x00000000c0d00000| Untracked 
|   2|0x00000000c0e00000, 0x00000000c0f00000, 0x00000000c0f00000|100%| O|  |TAMS 0x00000000c0f00000, 0x00000000c0e00000| Untracked 
|   3|0x00000000c0f00000, 0x00000000c1000000, 0x00000000c1000000|100%| O|  |TAMS 0x00000000c1000000, 0x00000000c0f00000| Untracked 
|   4|0x00000000c1000000, 0x00000000c1100000, 0x00000000c1100000|100%| O|  |TAMS 0x00000000c1100000, 0x00000000c1000000| Untracked 
|   5|0x00000000c1100000, 0x00000000c1200000, 0x00000000c1200000|100%| O|  |TAMS 0x00000000c1200000, 0x00000000c1100000| Untracked 
|   6|0x00000000c1200000, 0x00000000c1300000, 0x00000000c1300000|100%| O|  |TAMS 0x00000000c1300000, 0x00000000c1200000| Untracked 
|   7|0x00000000c1300000, 0x00000000c1400000, 0x00000000c1400000|100%| O|  |TAMS 0x00000000c1400000, 0x00000000c1300000| Untracked 
|   8|0x00000000c1400000, 0x00000000c1500000, 0x00000000c1500000|100%| O|  |TAMS 0x00000000c1500000, 0x00000000c1400000| Untracked 
|   9|0x00000000c1500000, 0x00000000c1600000, 0x00000000c1600000|100%| O|  |TAMS 0x00000000c1600000, 0x00000000c1500000| Untracked 
|  10|0x00000000c1600000, 0x00000000c1700000, 0x00000000c1700000|100%| O|  |TAMS 0x00000000c1700000, 0x00000000c1600000| Untracked 
|  11|0x00000000c1700000, 0x00000000c1800000, 0x00000000c1800000|100%| O|  |TAMS 0x00000000c1800000, 0x00000000c1700000| Untracked 
|  12|0x00000000c1800000, 0x00000000c1900000, 0x00000000c1900000|100%| O|  |TAMS 0x00000000c1900000, 0x00000000c1800000| Untracked 
|  13|0x00000000c1900000, 0x00000000c1a00000, 0x00000000c1a00000|100%| O|  |TAMS 0x00000000c1a00000, 0x00000000c1900000| Untracked 
|  14|0x00000000c1a00000, 0x00000000c1b00000, 0x00000000c1b00000|100%| O|  |TAMS 0x00000000c1b00000, 0x00000000c1a00000| Untracked 
|  15|0x00000000c1b00000, 0x00000000c1c00000, 0x00000000c1c00000|100%| O|  |TAMS 0x00000000c1c00000, 0x00000000c1b00000| Complete 
|  16|0x00000000c1c00000, 0x00000000c1d00000, 0x00000000c1d00000|100%| O|  |TAMS 0x00000000c1d00000, 0x00000000c1c00000| Complete 
|  17|0x00000000c1d00000, 0x00000000c1e00000, 0x00000000c1e00000|100%| O|  |TAMS 0x00000000c1e00000, 0x00000000c1d00000| Untracked 
|  18|0x00000000c1e00000, 0x00000000c1f00000, 0x00000000c1f00000|100%| O|  |TAMS 0x00000000c1f00000, 0x00000000c1e00000| Untracked 
|  19|0x00000000c1f00000, 0x00000000c1f00000, 0x00000000c2000000|  0%| F|  |TAMS 0x00000000c1f00000, 0x00000000c1f00000| Untracked 
|  20|0x00000000c2000000, 0x00000000c2100000, 0x00000000c2100000|100%| O|  |TAMS 0x00000000c2100000, 0x00000000c2000000| Complete 
|  21|0x00000000c2100000, 0x00000000c2200000, 0x00000000c2200000|100%| O|  |TAMS 0x00000000c2200000, 0x00000000c2100000| Untracked 
|  22|0x00000000c2200000, 0x00000000c2300000, 0x00000000c2300000|100%| O|  |TAMS 0x00000000c2300000, 0x00000000c2200000| Untracked 
|  23|0x00000000c2300000, 0x00000000c2400000, 0x00000000c2400000|100%| O|  |TAMS 0x00000000c2400000, 0x00000000c2300000| Complete 
|  24|0x00000000c2400000, 0x00000000c2500000, 0x00000000c2500000|100%| O|  |TAMS 0x00000000c2500000, 0x00000000c2400000| Untracked 
|  25|0x00000000c2500000, 0x00000000c2600000, 0x00000000c2600000|100%| O|  |TAMS 0x00000000c2600000, 0x00000000c2500000| Untracked 
|  26|0x00000000c2600000, 0x00000000c2700000, 0x00000000c2700000|100%| O|  |TAMS 0x00000000c2700000, 0x00000000c2600000| Untracked 
|  27|0x00000000c2700000, 0x00000000c2800000, 0x00000000c2800000|100%| O|  |TAMS 0x00000000c2800000, 0x00000000c2700000| Complete 
|  28|0x00000000c2800000, 0x00000000c2900000, 0x00000000c2900000|100%| O|  |TAMS 0x00000000c2900000, 0x00000000c2800000| Complete 
|  29|0x00000000c2900000, 0x00000000c2a00000, 0x00000000c2a00000|100%| O|  |TAMS 0x00000000c2a00000, 0x00000000c2900000| Untracked 
|  30|0x00000000c2a00000, 0x00000000c2b00000, 0x00000000c2b00000|100%| O|  |TAMS 0x00000000c2b00000, 0x00000000c2a00000| Complete 
|  31|0x00000000c2b00000, 0x00000000c2c00000, 0x00000000c2c00000|100%| O|  |TAMS 0x00000000c2c00000, 0x00000000c2b00000| Complete 
|  32|0x00000000c2c00000, 0x00000000c2d00000, 0x00000000c2d00000|100%| O|  |TAMS 0x00000000c2d00000, 0x00000000c2c00000| Complete 
|  33|0x00000000c2d00000, 0x00000000c2e00000, 0x00000000c2e00000|100%| O|  |TAMS 0x00000000c2e00000, 0x00000000c2d00000| Untracked 
|  34|0x00000000c2e00000, 0x00000000c2f00000, 0x00000000c2f00000|100%| O|  |TAMS 0x00000000c2f00000, 0x00000000c2e00000| Untracked 
|  35|0x00000000c2f00000, 0x00000000c3000000, 0x00000000c3000000|100%| O|  |TAMS 0x00000000c3000000, 0x00000000c2f00000| Complete 
|  36|0x00000000c3000000, 0x00000000c3100000, 0x00000000c3100000|100%| O|  |TAMS 0x00000000c3100000, 0x00000000c3000000| Complete 
|  37|0x00000000c3100000, 0x00000000c3200000, 0x00000000c3200000|100%| O|  |TAMS 0x00000000c3200000, 0x00000000c3100000| Complete 
|  38|0x00000000c3200000, 0x00000000c3300000, 0x00000000c3300000|100%| O|  |TAMS 0x00000000c3300000, 0x00000000c3200000| Untracked 
|  39|0x00000000c3300000, 0x00000000c3400000, 0x00000000c3400000|100%| O|  |TAMS 0x00000000c3400000, 0x00000000c3300000| Complete 
|  40|0x00000000c3400000, 0x00000000c3500000, 0x00000000c3500000|100%| O|  |TAMS 0x00000000c3500000, 0x00000000c3400000| Complete 
|  41|0x00000000c3500000, 0x00000000c3600000, 0x00000000c3600000|100%| O|  |TAMS 0x00000000c3600000, 0x00000000c3500000| Complete 
|  42|0x00000000c3600000, 0x00000000c3700000, 0x00000000c3700000|100%| O|  |TAMS 0x00000000c3700000, 0x00000000c3600000| Complete 
|  43|0x00000000c3700000, 0x00000000c3800000, 0x00000000c3800000|100%| O|  |TAMS 0x00000000c3800000, 0x00000000c3700000| Complete 
|  44|0x00000000c3800000, 0x00000000c3900000, 0x00000000c3900000|100%| O|  |TAMS 0x00000000c3900000, 0x00000000c3800000| Complete 
|  45|0x00000000c3900000, 0x00000000c3a00000, 0x00000000c3a00000|100%| O|  |TAMS 0x00000000c3a00000, 0x00000000c3900000| Untracked 
|  46|0x00000000c3a00000, 0x00000000c3b00000, 0x00000000c3b00000|100%| O|  |TAMS 0x00000000c3b00000, 0x00000000c3a00000| Untracked 
|  47|0x00000000c3b00000, 0x00000000c3c00000, 0x00000000c3c00000|100%| O|  |TAMS 0x00000000c3c00000, 0x00000000c3b00000| Complete 
|  48|0x00000000c3c00000, 0x00000000c3d00000, 0x00000000c3d00000|100%| O|  |TAMS 0x00000000c3d00000, 0x00000000c3c00000| Complete 
|  49|0x00000000c3d00000, 0x00000000c3e00000, 0x00000000c3e00000|100%| O|  |TAMS 0x00000000c3e00000, 0x00000000c3d00000| Untracked 
|  50|0x00000000c3e00000, 0x00000000c3f00000, 0x00000000c3f00000|100%| O|  |TAMS 0x00000000c3f00000, 0x00000000c3e00000| Untracked 
|  51|0x00000000c3f00000, 0x00000000c4000000, 0x00000000c4000000|100%| O|  |TAMS 0x00000000c4000000, 0x00000000c3f00000| Complete 
|  52|0x00000000c4000000, 0x00000000c4100000, 0x00000000c4100000|100%| O|  |TAMS 0x00000000c4100000, 0x00000000c4000000| Complete 
|  53|0x00000000c4100000, 0x00000000c4200000, 0x00000000c4200000|100%| O|  |TAMS 0x00000000c4200000, 0x00000000c4100000| Untracked 
|  54|0x00000000c4200000, 0x00000000c4300000, 0x00000000c4300000|100%| O|  |TAMS 0x00000000c4300000, 0x00000000c4200000| Untracked 
|  55|0x00000000c4300000, 0x00000000c4400000, 0x00000000c4400000|100%| O|  |TAMS 0x00000000c4400000, 0x00000000c4300000| Complete 
|  56|0x00000000c4400000, 0x00000000c4500000, 0x00000000c4500000|100%| O|  |TAMS 0x00000000c4500000, 0x00000000c4400000| Complete 
|  57|0x00000000c4500000, 0x00000000c4600000, 0x00000000c4600000|100%| O|  |TAMS 0x00000000c4600000, 0x00000000c4500000| Complete 
|  58|0x00000000c4600000, 0x00000000c4700000, 0x00000000c4700000|100%| O|  |TAMS 0x00000000c4700000, 0x00000000c4600000| Complete 
|  59|0x00000000c4700000, 0x00000000c4800000, 0x00000000c4800000|100%| O|  |TAMS 0x00000000c4800000, 0x00000000c4700000| Complete 
|  60|0x00000000c4800000, 0x00000000c4900000, 0x00000000c4900000|100%| O|  |TAMS 0x00000000c4900000, 0x00000000c4800000| Complete 
|  61|0x00000000c4900000, 0x00000000c4a00000, 0x00000000c4a00000|100%| O|  |TAMS 0x00000000c4a00000, 0x00000000c4900000| Complete 
|  62|0x00000000c4a00000, 0x00000000c4b00000, 0x00000000c4b00000|100%| O|  |TAMS 0x00000000c4b00000, 0x00000000c4a00000| Complete 
|  63|0x00000000c4b00000, 0x00000000c4c00000, 0x00000000c4c00000|100%| O|  |TAMS 0x00000000c4c00000, 0x00000000c4b00000| Untracked 
|  64|0x00000000c4c00000, 0x00000000c4d00000, 0x00000000c4d00000|100%| O|  |TAMS 0x00000000c4d00000, 0x00000000c4c00000| Untracked 
|  65|0x00000000c4d00000, 0x00000000c4e00000, 0x00000000c4e00000|100%| O|  |TAMS 0x00000000c4e00000, 0x00000000c4d00000| Untracked 
|  66|0x00000000c4e00000, 0x00000000c4f00000, 0x00000000c4f00000|100%| O|  |TAMS 0x00000000c4f00000, 0x00000000c4e00000| Complete 
|  67|0x00000000c4f00000, 0x00000000c5000000, 0x00000000c5000000|100%| O|  |TAMS 0x00000000c5000000, 0x00000000c4f00000| Untracked 
|  68|0x00000000c5000000, 0x00000000c5100000, 0x00000000c5100000|100%| O|  |TAMS 0x00000000c5100000, 0x00000000c5000000| Untracked 
|  69|0x00000000c5100000, 0x00000000c5200000, 0x00000000c5200000|100%| O|  |TAMS 0x00000000c5200000, 0x00000000c5100000| Complete 
|  70|0x00000000c5200000, 0x00000000c5300000, 0x00000000c5300000|100%| O|  |TAMS 0x00000000c5300000, 0x00000000c5200000| Complete 
|  71|0x00000000c5300000, 0x00000000c5400000, 0x00000000c5400000|100%| O|  |TAMS 0x00000000c5400000, 0x00000000c5300000| Complete 
|  72|0x00000000c5400000, 0x00000000c5500000, 0x00000000c5500000|100%| O|  |TAMS 0x00000000c5500000, 0x00000000c5400000| Complete 
|  73|0x00000000c5500000, 0x00000000c5600000, 0x00000000c5600000|100%| O|  |TAMS 0x00000000c5600000, 0x00000000c5500000| Complete 
|  74|0x00000000c5600000, 0x00000000c5700000, 0x00000000c5700000|100%| O|  |TAMS 0x00000000c5700000, 0x00000000c5600000| Untracked 
|  75|0x00000000c5700000, 0x00000000c5800000, 0x00000000c5800000|100%| O|  |TAMS 0x00000000c5800000, 0x00000000c5700000| Untracked 
|  76|0x00000000c5800000, 0x00000000c5900000, 0x00000000c5900000|100%| O|  |TAMS 0x00000000c5900000, 0x00000000c5800000| Complete 
|  77|0x00000000c5900000, 0x00000000c5a00000, 0x00000000c5a00000|100%| O|  |TAMS 0x00000000c5a00000, 0x00000000c5900000| Complete 
|  78|0x00000000c5a00000, 0x00000000c5b00000, 0x00000000c5b00000|100%| O|  |TAMS 0x00000000c5b00000, 0x00000000c5a00000| Complete 
|  79|0x00000000c5b00000, 0x00000000c5b00000, 0x00000000c5c00000|  0%| F|  |TAMS 0x00000000c5b00000, 0x00000000c5b00000| Untracked 
|  80|0x00000000c5c00000, 0x00000000c5d00000, 0x00000000c5d00000|100%| O|  |TAMS 0x00000000c5d00000, 0x00000000c5c00000| Complete 
|  81|0x00000000c5d00000, 0x00000000c5e00000, 0x00000000c5e00000|100%|HS|  |TAMS 0x00000000c5e00000, 0x00000000c5d00000| Complete 
|  82|0x00000000c5e00000, 0x00000000c5f00000, 0x00000000c5f00000|100%| O|  |TAMS 0x00000000c5f00000, 0x00000000c5e00000| Complete 
|  83|0x00000000c5f00000, 0x00000000c6000000, 0x00000000c6000000|100%| O|  |TAMS 0x00000000c6000000, 0x00000000c5f00000| Complete 
|  84|0x00000000c6000000, 0x00000000c6100000, 0x00000000c6100000|100%| O|  |TAMS 0x00000000c6100000, 0x00000000c6000000| Complete 
|  85|0x00000000c6100000, 0x00000000c6200000, 0x00000000c6200000|100%| O|  |TAMS 0x00000000c6200000, 0x00000000c6100000| Complete 
|  86|0x00000000c6200000, 0x00000000c6300000, 0x00000000c6300000|100%| O|  |TAMS 0x00000000c6300000, 0x00000000c6200000| Complete 
|  87|0x00000000c6300000, 0x00000000c6400000, 0x00000000c6400000|100%| O|  |TAMS 0x00000000c6400000, 0x00000000c6300000| Complete 
|  88|0x00000000c6400000, 0x00000000c6500000, 0x00000000c6500000|100%| O|  |TAMS 0x00000000c6500000, 0x00000000c6400000| Complete 
|  89|0x00000000c6500000, 0x00000000c6600000, 0x00000000c6600000|100%| O|  |TAMS 0x00000000c6600000, 0x00000000c6500000| Untracked 
|  90|0x00000000c6600000, 0x00000000c6700000, 0x00000000c6700000|100%| O|  |TAMS 0x00000000c6700000, 0x00000000c6600000| Complete 
|  91|0x00000000c6700000, 0x00000000c6700000, 0x00000000c6800000|  0%| F|  |TAMS 0x00000000c6700000, 0x00000000c6700000| Untracked 
|  92|0x00000000c6800000, 0x00000000c6900000, 0x00000000c6900000|100%| O|  |TAMS 0x00000000c6900000, 0x00000000c6800000| Untracked 
|  93|0x00000000c6900000, 0x00000000c6a00000, 0x00000000c6a00000|100%| O|  |TAMS 0x00000000c6a00000, 0x00000000c6900000| Complete 
|  94|0x00000000c6a00000, 0x00000000c6a00000, 0x00000000c6b00000|  0%| F|  |TAMS 0x00000000c6a00000, 0x00000000c6a00000| Untracked 
|  95|0x00000000c6b00000, 0x00000000c6c00000, 0x00000000c6c00000|100%| O|  |TAMS 0x00000000c6c00000, 0x00000000c6b00000| Complete 
|  96|0x00000000c6c00000, 0x00000000c6d00000, 0x00000000c6d00000|100%| O|  |TAMS 0x00000000c6d00000, 0x00000000c6c00000| Complete 
|  97|0x00000000c6d00000, 0x00000000c6e00000, 0x00000000c6e00000|100%| O|  |TAMS 0x00000000c6e00000, 0x00000000c6d00000| Untracked 
|  98|0x00000000c6e00000, 0x00000000c6f00000, 0x00000000c6f00000|100%| O|  |TAMS 0x00000000c6f00000, 0x00000000c6e00000| Untracked 
|  99|0x00000000c6f00000, 0x00000000c7000000, 0x00000000c7000000|100%| O|  |TAMS 0x00000000c7000000, 0x00000000c6f00000| Complete 
| 100|0x00000000c7000000, 0x00000000c7100000, 0x00000000c7100000|100%| O|  |TAMS 0x00000000c7100000, 0x00000000c7000000| Complete 
| 101|0x00000000c7100000, 0x00000000c7100000, 0x00000000c7200000|  0%| F|  |TAMS 0x00000000c7100000, 0x00000000c7100000| Untracked 
| 102|0x00000000c7200000, 0x00000000c7300000, 0x00000000c7300000|100%| O|  |TAMS 0x00000000c7300000, 0x00000000c7200000| Complete 
| 103|0x00000000c7300000, 0x00000000c7300000, 0x00000000c7400000|  0%| F|  |TAMS 0x00000000c7300000, 0x00000000c7300000| Untracked 
| 104|0x00000000c7400000, 0x00000000c7400000, 0x00000000c7500000|  0%| F|  |TAMS 0x00000000c7400000, 0x00000000c7400000| Untracked 
| 105|0x00000000c7500000, 0x00000000c7500000, 0x00000000c7600000|  0%| F|  |TAMS 0x00000000c7500000, 0x00000000c7500000| Untracked 
| 106|0x00000000c7600000, 0x00000000c7700000, 0x00000000c7700000|100%|HS|  |TAMS 0x00000000c7700000, 0x00000000c7600000| Complete 
| 107|0x00000000c7700000, 0x00000000c7800000, 0x00000000c7800000|100%|HC|  |TAMS 0x00000000c7800000, 0x00000000c7700000| Complete 
| 108|0x00000000c7800000, 0x00000000c7900000, 0x00000000c7900000|100%|HC|  |TAMS 0x00000000c7900000, 0x00000000c7800000| Complete 
| 109|0x00000000c7900000, 0x00000000c7a00000, 0x00000000c7a00000|100%|HC|  |TAMS 0x00000000c7a00000, 0x00000000c7900000| Complete 
| 110|0x00000000c7a00000, 0x00000000c7b00000, 0x00000000c7b00000|100%|HC|  |TAMS 0x00000000c7b00000, 0x00000000c7a00000| Complete 
| 111|0x00000000c7b00000, 0x00000000c7c00000, 0x00000000c7c00000|100%|HC|  |TAMS 0x00000000c7c00000, 0x00000000c7b00000| Complete 
| 112|0x00000000c7c00000, 0x00000000c7d00000, 0x00000000c7d00000|100%|HC|  |TAMS 0x00000000c7d00000, 0x00000000c7c00000| Complete 
| 113|0x00000000c7d00000, 0x00000000c7e00000, 0x00000000c7e00000|100%|HC|  |TAMS 0x00000000c7e00000, 0x00000000c7d00000| Complete 
| 114|0x00000000c7e00000, 0x00000000c7f00000, 0x00000000c7f00000|100%| O|  |TAMS 0x00000000c7f00000, 0x00000000c7e00000| Complete 
| 115|0x00000000c7f00000, 0x00000000c8000000, 0x00000000c8000000|100%| O|  |TAMS 0x00000000c8000000, 0x00000000c7f00000| Complete 
| 116|0x00000000c8000000, 0x00000000c8100000, 0x00000000c8100000|100%| O|  |TAMS 0x00000000c8100000, 0x00000000c8000000| Complete 
| 117|0x00000000c8100000, 0x00000000c8200000, 0x00000000c8200000|100%| O|  |TAMS 0x00000000c8200000, 0x00000000c8100000| Complete 
| 118|0x00000000c8200000, 0x00000000c8300000, 0x00000000c8300000|100%| O|  |TAMS 0x00000000c8300000, 0x00000000c8200000| Complete 
| 119|0x00000000c8300000, 0x00000000c8400000, 0x00000000c8400000|100%| O|  |TAMS 0x00000000c8400000, 0x00000000c8300000| Untracked 
| 120|0x00000000c8400000, 0x00000000c8500000, 0x00000000c8500000|100%| O|  |TAMS 0x00000000c8500000, 0x00000000c8400000| Untracked 
| 121|0x00000000c8500000, 0x00000000c8600000, 0x00000000c8600000|100%| O|  |TAMS 0x00000000c8600000, 0x00000000c8500000| Complete 
| 122|0x00000000c8600000, 0x00000000c8700000, 0x00000000c8700000|100%| O|  |TAMS 0x00000000c8700000, 0x00000000c8600000| Complete 
| 123|0x00000000c8700000, 0x00000000c8800000, 0x00000000c8800000|100%| O|  |TAMS 0x00000000c8800000, 0x00000000c8700000| Complete 
| 124|0x00000000c8800000, 0x00000000c8900000, 0x00000000c8900000|100%| O|  |TAMS 0x00000000c8900000, 0x00000000c8800000| Complete 
| 125|0x00000000c8900000, 0x00000000c8a00000, 0x00000000c8a00000|100%| O|  |TAMS 0x00000000c8a00000, 0x00000000c8900000| Complete 
| 126|0x00000000c8a00000, 0x00000000c8a00000, 0x00000000c8b00000|  0%| F|  |TAMS 0x00000000c8a00000, 0x00000000c8a00000| Untracked 
| 127|0x00000000c8b00000, 0x00000000c8c00000, 0x00000000c8c00000|100%| O|  |TAMS 0x00000000c8c00000, 0x00000000c8b00000| Complete 
| 128|0x00000000c8c00000, 0x00000000c8d00000, 0x00000000c8d00000|100%| O|  |TAMS 0x00000000c8d00000, 0x00000000c8c00000| Complete 
| 129|0x00000000c8d00000, 0x00000000c8e00000, 0x00000000c8e00000|100%| O|  |TAMS 0x00000000c8e00000, 0x00000000c8d00000| Untracked 
| 130|0x00000000c8e00000, 0x00000000c8f00000, 0x00000000c8f00000|100%| O|  |TAMS 0x00000000c8f00000, 0x00000000c8e00000| Untracked 
| 131|0x00000000c8f00000, 0x00000000c9000000, 0x00000000c9000000|100%| O|  |TAMS 0x00000000c9000000, 0x00000000c8f00000| Untracked 
| 132|0x00000000c9000000, 0x00000000c9100000, 0x00000000c9100000|100%| O|  |TAMS 0x00000000c9100000, 0x00000000c9000000| Complete 
| 133|0x00000000c9100000, 0x00000000c9200000, 0x00000000c9200000|100%|HS|  |TAMS 0x00000000c9200000, 0x00000000c9100000| Complete 
| 134|0x00000000c9200000, 0x00000000c9300000, 0x00000000c9300000|100%|HC|  |TAMS 0x00000000c9300000, 0x00000000c9200000| Complete 
| 135|0x00000000c9300000, 0x00000000c9400000, 0x00000000c9400000|100%|HC|  |TAMS 0x00000000c9400000, 0x00000000c9300000| Complete 
| 136|0x00000000c9400000, 0x00000000c9500000, 0x00000000c9500000|100%|HC|  |TAMS 0x00000000c9500000, 0x00000000c9400000| Complete 
| 137|0x00000000c9500000, 0x00000000c9600000, 0x00000000c9600000|100%|HC|  |TAMS 0x00000000c9600000, 0x00000000c9500000| Complete 
| 138|0x00000000c9600000, 0x00000000c9700000, 0x00000000c9700000|100%| O|  |TAMS 0x00000000c9700000, 0x00000000c9600000| Untracked 
| 139|0x00000000c9700000, 0x00000000c9800000, 0x00000000c9800000|100%| O|  |TAMS 0x00000000c9800000, 0x00000000c9700000| Untracked 
| 140|0x00000000c9800000, 0x00000000c9900000, 0x00000000c9900000|100%| O|  |TAMS 0x00000000c9900000, 0x00000000c9800000| Untracked 
| 141|0x00000000c9900000, 0x00000000c9a00000, 0x00000000c9a00000|100%| O|  |TAMS 0x00000000c9a00000, 0x00000000c9900000| Untracked 
| 142|0x00000000c9a00000, 0x00000000c9b00000, 0x00000000c9b00000|100%| O|  |TAMS 0x00000000c9b00000, 0x00000000c9a00000| Complete 
| 143|0x00000000c9b00000, 0x00000000c9b00000, 0x00000000c9c00000|  0%| F|  |TAMS 0x00000000c9b00000, 0x00000000c9b00000| Untracked 
| 144|0x00000000c9c00000, 0x00000000c9c00000, 0x00000000c9d00000|  0%| F|  |TAMS 0x00000000c9c00000, 0x00000000c9c00000| Untracked 
| 145|0x00000000c9d00000, 0x00000000c9e00000, 0x00000000c9e00000|100%| O|  |TAMS 0x00000000c9e00000, 0x00000000c9d00000| Complete 
| 146|0x00000000c9e00000, 0x00000000c9e00000, 0x00000000c9f00000|  0%| F|  |TAMS 0x00000000c9e00000, 0x00000000c9e00000| Untracked 
| 147|0x00000000c9f00000, 0x00000000ca000000, 0x00000000ca000000|100%| O|  |TAMS 0x00000000ca000000, 0x00000000c9f00000| Untracked 
| 148|0x00000000ca000000, 0x00000000ca100000, 0x00000000ca100000|100%| O|  |TAMS 0x00000000ca100000, 0x00000000ca000000| Untracked 
| 149|0x00000000ca100000, 0x00000000ca200000, 0x00000000ca200000|100%| O|  |TAMS 0x00000000ca200000, 0x00000000ca100000| Untracked 
| 150|0x00000000ca200000, 0x00000000ca300000, 0x00000000ca300000|100%| O|  |TAMS 0x00000000ca300000, 0x00000000ca200000| Complete 
| 151|0x00000000ca300000, 0x00000000ca400000, 0x00000000ca400000|100%| O|  |TAMS 0x00000000ca400000, 0x00000000ca300000| Complete 
| 152|0x00000000ca400000, 0x00000000ca500000, 0x00000000ca500000|100%| O|  |TAMS 0x00000000ca500000, 0x00000000ca400000| Complete 
| 153|0x00000000ca500000, 0x00000000ca600000, 0x00000000ca600000|100%| O|  |TAMS 0x00000000ca600000, 0x00000000ca500000| Complete 
| 154|0x00000000ca600000, 0x00000000ca700000, 0x00000000ca700000|100%| O|  |TAMS 0x00000000ca700000, 0x00000000ca600000| Complete 
| 155|0x00000000ca700000, 0x00000000ca800000, 0x00000000ca800000|100%| O|  |TAMS 0x00000000ca800000, 0x00000000ca700000| Complete 
| 156|0x00000000ca800000, 0x00000000ca900000, 0x00000000ca900000|100%| O|  |TAMS 0x00000000ca900000, 0x00000000ca800000| Complete 
| 157|0x00000000ca900000, 0x00000000caa00000, 0x00000000caa00000|100%| O|  |TAMS 0x00000000caa00000, 0x00000000ca900000| Complete 
| 158|0x00000000caa00000, 0x00000000cab00000, 0x00000000cab00000|100%| O|  |TAMS 0x00000000cab00000, 0x00000000caa00000| Complete 
| 159|0x00000000cab00000, 0x00000000cab00000, 0x00000000cac00000|  0%| F|  |TAMS 0x00000000cab00000, 0x00000000cab00000| Untracked 
| 160|0x00000000cac00000, 0x00000000cad00000, 0x00000000cad00000|100%| O|  |TAMS 0x00000000cad00000, 0x00000000cac00000| Complete 
| 161|0x00000000cad00000, 0x00000000cae00000, 0x00000000cae00000|100%| O|  |TAMS 0x00000000cae00000, 0x00000000cad00000| Complete 
| 162|0x00000000cae00000, 0x00000000caf00000, 0x00000000caf00000|100%| O|  |TAMS 0x00000000caf00000, 0x00000000cae00000| Complete 
| 163|0x00000000caf00000, 0x00000000cb000000, 0x00000000cb000000|100%| O|  |TAMS 0x00000000cb000000, 0x00000000caf00000| Complete 
| 164|0x00000000cb000000, 0x00000000cb100000, 0x00000000cb100000|100%| O|  |TAMS 0x00000000cb100000, 0x00000000cb000000| Complete 
| 165|0x00000000cb100000, 0x00000000cb200000, 0x00000000cb200000|100%| O|  |TAMS 0x00000000cb200000, 0x00000000cb100000| Complete 
| 166|0x00000000cb200000, 0x00000000cb300000, 0x00000000cb300000|100%| O|  |TAMS 0x00000000cb300000, 0x00000000cb200000| Complete 
| 167|0x00000000cb300000, 0x00000000cb400000, 0x00000000cb400000|100%| O|  |TAMS 0x00000000cb400000, 0x00000000cb300000| Untracked 
| 168|0x00000000cb400000, 0x00000000cb500000, 0x00000000cb500000|100%| O|  |TAMS 0x00000000cb500000, 0x00000000cb400000| Complete 
| 169|0x00000000cb500000, 0x00000000cb600000, 0x00000000cb600000|100%| O|  |TAMS 0x00000000cb600000, 0x00000000cb500000| Complete 
| 170|0x00000000cb600000, 0x00000000cb700000, 0x00000000cb700000|100%| O|  |TAMS 0x00000000cb700000, 0x00000000cb600000| Complete 
| 171|0x00000000cb700000, 0x00000000cb800000, 0x00000000cb800000|100%| O|  |TAMS 0x00000000cb800000, 0x00000000cb700000| Complete 
| 172|0x00000000cb800000, 0x00000000cb900000, 0x00000000cb900000|100%| O|  |TAMS 0x00000000cb900000, 0x00000000cb800000| Complete 
| 173|0x00000000cb900000, 0x00000000cba00000, 0x00000000cba00000|100%| O|  |TAMS 0x00000000cba00000, 0x00000000cb900000| Complete 
| 174|0x00000000cba00000, 0x00000000cbb00000, 0x00000000cbb00000|100%| O|  |TAMS 0x00000000cbb00000, 0x00000000cba00000| Complete 
| 175|0x00000000cbb00000, 0x00000000cbc00000, 0x00000000cbc00000|100%| O|  |TAMS 0x00000000cbc00000, 0x00000000cbb00000| Complete 
| 176|0x00000000cbc00000, 0x00000000cbd00000, 0x00000000cbd00000|100%| O|  |TAMS 0x00000000cbd00000, 0x00000000cbc00000| Complete 
| 177|0x00000000cbd00000, 0x00000000cbe00000, 0x00000000cbe00000|100%| O|  |TAMS 0x00000000cbe00000, 0x00000000cbd00000| Complete 
| 178|0x00000000cbe00000, 0x00000000cbf00000, 0x00000000cbf00000|100%| O|  |TAMS 0x00000000cbf00000, 0x00000000cbe00000| Untracked 
| 179|0x00000000cbf00000, 0x00000000cc000000, 0x00000000cc000000|100%| O|  |TAMS 0x00000000cc000000, 0x00000000cbf00000| Complete 
| 180|0x00000000cc000000, 0x00000000cc100000, 0x00000000cc100000|100%| O|  |TAMS 0x00000000cc100000, 0x00000000cc000000| Untracked 
| 181|0x00000000cc100000, 0x00000000cc200000, 0x00000000cc200000|100%| O|  |TAMS 0x00000000cc200000, 0x00000000cc100000| Untracked 
| 182|0x00000000cc200000, 0x00000000cc300000, 0x00000000cc300000|100%| O|  |TAMS 0x00000000cc300000, 0x00000000cc200000| Untracked 
| 183|0x00000000cc300000, 0x00000000cc400000, 0x00000000cc400000|100%| O|  |TAMS 0x00000000cc400000, 0x00000000cc300000| Untracked 
| 184|0x00000000cc400000, 0x00000000cc500000, 0x00000000cc500000|100%| O|  |TAMS 0x00000000cc500000, 0x00000000cc400000| Untracked 
| 185|0x00000000cc500000, 0x00000000cc600000, 0x00000000cc600000|100%| O|  |TAMS 0x00000000cc600000, 0x00000000cc500000| Untracked 
| 186|0x00000000cc600000, 0x00000000cc700000, 0x00000000cc700000|100%| O|  |TAMS 0x00000000cc700000, 0x00000000cc600000| Untracked 
| 187|0x00000000cc700000, 0x00000000cc800000, 0x00000000cc800000|100%| O|  |TAMS 0x00000000cc800000, 0x00000000cc700000| Complete 
| 188|0x00000000cc800000, 0x00000000cc900000, 0x00000000cc900000|100%| O|  |TAMS 0x00000000cc900000, 0x00000000cc800000| Complete 
| 189|0x00000000cc900000, 0x00000000cca00000, 0x00000000cca00000|100%| O|  |TAMS 0x00000000cca00000, 0x00000000cc900000| Complete 
| 190|0x00000000cca00000, 0x00000000cca49c00, 0x00000000ccb00000| 28%| O|  |TAMS 0x00000000cca49c00, 0x00000000cca00000| Untracked 
| 191|0x00000000ccb00000, 0x00000000ccb00000, 0x00000000ccc00000|  0%| F|  |TAMS 0x00000000ccb00000, 0x00000000ccb00000| Untracked 
| 192|0x00000000ccc00000, 0x00000000ccc00000, 0x00000000ccd00000|  0%| F|  |TAMS 0x00000000ccc00000, 0x00000000ccc00000| Untracked 
| 193|0x00000000ccd00000, 0x00000000ccd00000, 0x00000000cce00000|  0%| F|  |TAMS 0x00000000ccd00000, 0x00000000ccd00000| Untracked 
| 194|0x00000000cce00000, 0x00000000cce00000, 0x00000000ccf00000|  0%| F|  |TAMS 0x00000000cce00000, 0x00000000cce00000| Untracked 
| 195|0x00000000ccf00000, 0x00000000ccf00000, 0x00000000cd000000|  0%| F|  |TAMS 0x00000000ccf00000, 0x00000000ccf00000| Untracked 
| 196|0x00000000cd000000, 0x00000000cd000000, 0x00000000cd100000|  0%| F|  |TAMS 0x00000000cd000000, 0x00000000cd000000| Untracked 
| 197|0x00000000cd100000, 0x00000000cd100000, 0x00000000cd200000|  0%| F|  |TAMS 0x00000000cd100000, 0x00000000cd100000| Untracked 
| 198|0x00000000cd200000, 0x00000000cd200000, 0x00000000cd300000|  0%| F|  |TAMS 0x00000000cd200000, 0x00000000cd200000| Untracked 
| 199|0x00000000cd300000, 0x00000000cd300000, 0x00000000cd400000|  0%| F|  |TAMS 0x00000000cd300000, 0x00000000cd300000| Untracked 
| 200|0x00000000cd400000, 0x00000000cd400000, 0x00000000cd500000|  0%| F|  |TAMS 0x00000000cd400000, 0x00000000cd400000| Untracked 
| 201|0x00000000cd500000, 0x00000000cd500000, 0x00000000cd600000|  0%| F|  |TAMS 0x00000000cd500000, 0x00000000cd500000| Untracked 
| 202|0x00000000cd600000, 0x00000000cd600000, 0x00000000cd700000|  0%| F|  |TAMS 0x00000000cd600000, 0x00000000cd600000| Untracked 
| 203|0x00000000cd700000, 0x00000000cd700000, 0x00000000cd800000|  0%| F|  |TAMS 0x00000000cd700000, 0x00000000cd700000| Untracked 
| 204|0x00000000cd800000, 0x00000000cd800000, 0x00000000cd900000|  0%| F|  |TAMS 0x00000000cd800000, 0x00000000cd800000| Untracked 
| 205|0x00000000cd900000, 0x00000000cd900000, 0x00000000cda00000|  0%| F|  |TAMS 0x00000000cd900000, 0x00000000cd900000| Untracked 
| 206|0x00000000cda00000, 0x00000000cda00000, 0x00000000cdb00000|  0%| F|  |TAMS 0x00000000cda00000, 0x00000000cda00000| Untracked 
| 207|0x00000000cdb00000, 0x00000000cdb00000, 0x00000000cdc00000|  0%| F|  |TAMS 0x00000000cdb00000, 0x00000000cdb00000| Untracked 
| 208|0x00000000cdc00000, 0x00000000cdc00000, 0x00000000cdd00000|  0%| F|  |TAMS 0x00000000cdc00000, 0x00000000cdc00000| Untracked 
| 209|0x00000000cdd00000, 0x00000000cdd00000, 0x00000000cde00000|  0%| F|  |TAMS 0x00000000cdd00000, 0x00000000cdd00000| Untracked 
| 210|0x00000000cde00000, 0x00000000cde00000, 0x00000000cdf00000|  0%| F|  |TAMS 0x00000000cde00000, 0x00000000cde00000| Untracked 
| 211|0x00000000cdf00000, 0x00000000cdf00000, 0x00000000ce000000|  0%| F|  |TAMS 0x00000000cdf00000, 0x00000000cdf00000| Untracked 
| 212|0x00000000ce000000, 0x00000000ce000000, 0x00000000ce100000|  0%| F|  |TAMS 0x00000000ce000000, 0x00000000ce000000| Untracked 
| 213|0x00000000ce100000, 0x00000000ce100000, 0x00000000ce200000|  0%| F|  |TAMS 0x00000000ce100000, 0x00000000ce100000| Untracked 
| 214|0x00000000ce200000, 0x00000000ce200000, 0x00000000ce300000|  0%| F|  |TAMS 0x00000000ce200000, 0x00000000ce200000| Untracked 
| 215|0x00000000ce300000, 0x00000000ce300000, 0x00000000ce400000|  0%| F|  |TAMS 0x00000000ce300000, 0x00000000ce300000| Untracked 
| 216|0x00000000ce400000, 0x00000000ce400000, 0x00000000ce500000|  0%| F|  |TAMS 0x00000000ce400000, 0x00000000ce400000| Untracked 
| 217|0x00000000ce500000, 0x00000000ce500000, 0x00000000ce600000|  0%| F|  |TAMS 0x00000000ce500000, 0x00000000ce500000| Untracked 
| 218|0x00000000ce600000, 0x00000000ce600000, 0x00000000ce700000|  0%| F|  |TAMS 0x00000000ce600000, 0x00000000ce600000| Untracked 
| 219|0x00000000ce700000, 0x00000000ce700000, 0x00000000ce800000|  0%| F|  |TAMS 0x00000000ce700000, 0x00000000ce700000| Untracked 
| 220|0x00000000ce800000, 0x00000000ce800000, 0x00000000ce900000|  0%| F|  |TAMS 0x00000000ce800000, 0x00000000ce800000| Untracked 
| 221|0x00000000ce900000, 0x00000000ce900000, 0x00000000cea00000|  0%| F|  |TAMS 0x00000000ce900000, 0x00000000ce900000| Untracked 
| 222|0x00000000cea00000, 0x00000000cea00000, 0x00000000ceb00000|  0%| F|  |TAMS 0x00000000cea00000, 0x00000000cea00000| Untracked 
| 223|0x00000000ceb00000, 0x00000000ceb00000, 0x00000000cec00000|  0%| F|  |TAMS 0x00000000ceb00000, 0x00000000ceb00000| Untracked 
| 224|0x00000000cec00000, 0x00000000cec00000, 0x00000000ced00000|  0%| F|  |TAMS 0x00000000cec00000, 0x00000000cec00000| Untracked 
| 225|0x00000000ced00000, 0x00000000ced00000, 0x00000000cee00000|  0%| F|  |TAMS 0x00000000ced00000, 0x00000000ced00000| Untracked 
| 226|0x00000000cee00000, 0x00000000cee00000, 0x00000000cef00000|  0%| F|  |TAMS 0x00000000cee00000, 0x00000000cee00000| Untracked 
| 227|0x00000000cef00000, 0x00000000cef00000, 0x00000000cf000000|  0%| F|  |TAMS 0x00000000cef00000, 0x00000000cef00000| Untracked 
| 228|0x00000000cf000000, 0x00000000cf000000, 0x00000000cf100000|  0%| F|  |TAMS 0x00000000cf000000, 0x00000000cf000000| Untracked 
| 229|0x00000000cf100000, 0x00000000cf100000, 0x00000000cf200000|  0%| F|  |TAMS 0x00000000cf100000, 0x00000000cf100000| Untracked 
| 230|0x00000000cf200000, 0x00000000cf200000, 0x00000000cf300000|  0%| F|  |TAMS 0x00000000cf200000, 0x00000000cf200000| Untracked 
| 231|0x00000000cf300000, 0x00000000cf3ee260, 0x00000000cf400000| 93%| S|CS|TAMS 0x00000000cf300000, 0x00000000cf300000| Complete 
| 232|0x00000000cf400000, 0x00000000cf400000, 0x00000000cf500000|  0%| F|  |TAMS 0x00000000cf400000, 0x00000000cf400000| Untracked 
| 233|0x00000000cf500000, 0x00000000cf500000, 0x00000000cf600000|  0%| F|  |TAMS 0x00000000cf500000, 0x00000000cf500000| Untracked 
| 234|0x00000000cf600000, 0x00000000cf600000, 0x00000000cf700000|  0%| F|  |TAMS 0x00000000cf600000, 0x00000000cf600000| Untracked 
| 235|0x00000000cf700000, 0x00000000cf700000, 0x00000000cf800000|  0%| F|  |TAMS 0x00000000cf700000, 0x00000000cf700000| Untracked 
| 236|0x00000000cf800000, 0x00000000cf800000, 0x00000000cf900000|  0%| F|  |TAMS 0x00000000cf800000, 0x00000000cf800000| Untracked 
| 237|0x00000000cf900000, 0x00000000cf900000, 0x00000000cfa00000|  0%| F|  |TAMS 0x00000000cf900000, 0x00000000cf900000| Untracked 
| 238|0x00000000cfa00000, 0x00000000cfa00000, 0x00000000cfb00000|  0%| F|  |TAMS 0x00000000cfa00000, 0x00000000cfa00000| Untracked 
| 239|0x00000000cfb00000, 0x00000000cfb00000, 0x00000000cfc00000|  0%| F|  |TAMS 0x00000000cfb00000, 0x00000000cfb00000| Untracked 
| 240|0x00000000cfc00000, 0x00000000cfc00000, 0x00000000cfd00000|  0%| F|  |TAMS 0x00000000cfc00000, 0x00000000cfc00000| Untracked 
| 241|0x00000000cfd00000, 0x00000000cfd00000, 0x00000000cfe00000|  0%| F|  |TAMS 0x00000000cfd00000, 0x00000000cfd00000| Untracked 
| 242|0x00000000cfe00000, 0x00000000cfe00000, 0x00000000cff00000|  0%| F|  |TAMS 0x00000000cfe00000, 0x00000000cfe00000| Untracked 
| 243|0x00000000cff00000, 0x00000000cff00000, 0x00000000d0000000|  0%| F|  |TAMS 0x00000000cff00000, 0x00000000cff00000| Untracked 
| 244|0x00000000d0000000, 0x00000000d0000000, 0x00000000d0100000|  0%| F|  |TAMS 0x00000000d0000000, 0x00000000d0000000| Untracked 
| 245|0x00000000d0100000, 0x00000000d0100000, 0x00000000d0200000|  0%| F|  |TAMS 0x00000000d0100000, 0x00000000d0100000| Untracked 
| 246|0x00000000d0200000, 0x00000000d0200000, 0x00000000d0300000|  0%| F|  |TAMS 0x00000000d0200000, 0x00000000d0200000| Untracked 
| 247|0x00000000d0300000, 0x00000000d0300000, 0x00000000d0400000|  0%| F|  |TAMS 0x00000000d0300000, 0x00000000d0300000| Untracked 
| 248|0x00000000d0400000, 0x00000000d0400000, 0x00000000d0500000|  0%| F|  |TAMS 0x00000000d0400000, 0x00000000d0400000| Untracked 
| 249|0x00000000d0500000, 0x00000000d058b4a8, 0x00000000d0600000| 54%| E|  |TAMS 0x00000000d0500000, 0x00000000d0500000| Complete 
| 250|0x00000000d0600000, 0x00000000d0700000, 0x00000000d0700000|100%| E|CS|TAMS 0x00000000d0600000, 0x00000000d0600000| Complete 
| 251|0x00000000d0700000, 0x00000000d0800000, 0x00000000d0800000|100%| E|CS|TAMS 0x00000000d0700000, 0x00000000d0700000| Complete 
| 252|0x00000000d0800000, 0x00000000d0900000, 0x00000000d0900000|100%| E|CS|TAMS 0x00000000d0800000, 0x00000000d0800000| Complete 
| 253|0x00000000d0900000, 0x00000000d0a00000, 0x00000000d0a00000|100%| E|CS|TAMS 0x00000000d0900000, 0x00000000d0900000| Complete 
| 254|0x00000000d0a00000, 0x00000000d0b00000, 0x00000000d0b00000|100%| E|CS|TAMS 0x00000000d0a00000, 0x00000000d0a00000| Complete 
| 255|0x00000000d0b00000, 0x00000000d0c00000, 0x00000000d0c00000|100%| E|CS|TAMS 0x00000000d0b00000, 0x00000000d0b00000| Complete 
| 256|0x00000000d0c00000, 0x00000000d0d00000, 0x00000000d0d00000|100%| E|CS|TAMS 0x00000000d0c00000, 0x00000000d0c00000| Complete 
| 257|0x00000000d0d00000, 0x00000000d0e00000, 0x00000000d0e00000|100%| E|CS|TAMS 0x00000000d0d00000, 0x00000000d0d00000| Complete 
| 258|0x00000000d0e00000, 0x00000000d0f00000, 0x00000000d0f00000|100%| E|CS|TAMS 0x00000000d0e00000, 0x00000000d0e00000| Complete 
| 259|0x00000000d0f00000, 0x00000000d1000000, 0x00000000d1000000|100%| E|CS|TAMS 0x00000000d0f00000, 0x00000000d0f00000| Complete 
| 260|0x00000000d1000000, 0x00000000d1100000, 0x00000000d1100000|100%| E|CS|TAMS 0x00000000d1000000, 0x00000000d1000000| Complete 
| 261|0x00000000d1100000, 0x00000000d1200000, 0x00000000d1200000|100%| E|CS|TAMS 0x00000000d1100000, 0x00000000d1100000| Complete 
| 262|0x00000000d1200000, 0x00000000d1300000, 0x00000000d1300000|100%| E|CS|TAMS 0x00000000d1200000, 0x00000000d1200000| Complete 
| 263|0x00000000d1300000, 0x00000000d1400000, 0x00000000d1400000|100%| E|CS|TAMS 0x00000000d1300000, 0x00000000d1300000| Complete 
| 264|0x00000000d1400000, 0x00000000d1500000, 0x00000000d1500000|100%| E|CS|TAMS 0x00000000d1400000, 0x00000000d1400000| Complete 
| 265|0x00000000d1500000, 0x00000000d1600000, 0x00000000d1600000|100%| E|CS|TAMS 0x00000000d1500000, 0x00000000d1500000| Complete 
| 266|0x00000000d1600000, 0x00000000d1700000, 0x00000000d1700000|100%| E|CS|TAMS 0x00000000d1600000, 0x00000000d1600000| Complete 
| 267|0x00000000d1700000, 0x00000000d1800000, 0x00000000d1800000|100%| E|CS|TAMS 0x00000000d1700000, 0x00000000d1700000| Complete 
| 268|0x00000000d1800000, 0x00000000d1900000, 0x00000000d1900000|100%| E|CS|TAMS 0x00000000d1800000, 0x00000000d1800000| Complete 
| 269|0x00000000d1900000, 0x00000000d1a00000, 0x00000000d1a00000|100%| E|CS|TAMS 0x00000000d1900000, 0x00000000d1900000| Complete 
| 270|0x00000000d1a00000, 0x00000000d1b00000, 0x00000000d1b00000|100%| E|CS|TAMS 0x00000000d1a00000, 0x00000000d1a00000| Complete 
| 271|0x00000000d1b00000, 0x00000000d1c00000, 0x00000000d1c00000|100%| E|CS|TAMS 0x00000000d1b00000, 0x00000000d1b00000| Complete 
| 272|0x00000000d1c00000, 0x00000000d1d00000, 0x00000000d1d00000|100%| E|CS|TAMS 0x00000000d1c00000, 0x00000000d1c00000| Complete 
| 273|0x00000000d1d00000, 0x00000000d1e00000, 0x00000000d1e00000|100%| E|CS|TAMS 0x00000000d1d00000, 0x00000000d1d00000| Complete 
| 274|0x00000000d1e00000, 0x00000000d1f00000, 0x00000000d1f00000|100%| E|CS|TAMS 0x00000000d1e00000, 0x00000000d1e00000| Complete 
| 275|0x00000000d1f00000, 0x00000000d2000000, 0x00000000d2000000|100%| E|CS|TAMS 0x00000000d1f00000, 0x00000000d1f00000| Complete 
| 276|0x00000000d2000000, 0x00000000d2100000, 0x00000000d2100000|100%| E|CS|TAMS 0x00000000d2000000, 0x00000000d2000000| Complete 
| 277|0x00000000d2100000, 0x00000000d2200000, 0x00000000d2200000|100%| E|CS|TAMS 0x00000000d2100000, 0x00000000d2100000| Complete 
| 278|0x00000000d2200000, 0x00000000d2300000, 0x00000000d2300000|100%| E|CS|TAMS 0x00000000d2200000, 0x00000000d2200000| Complete 
| 279|0x00000000d2300000, 0x00000000d2400000, 0x00000000d2400000|100%| E|CS|TAMS 0x00000000d2300000, 0x00000000d2300000| Complete 
| 280|0x00000000d2400000, 0x00000000d2500000, 0x00000000d2500000|100%| E|CS|TAMS 0x00000000d2400000, 0x00000000d2400000| Complete 

Card table byte_map: [0x0000000026a30000,0x0000000026c30000] _byte_map_base: 0x000000002642a000

Marking Bits (Prev, Next): (CMBitMap*) 0x0000000002a1e2c0, (CMBitMap*) 0x0000000002a1e288
 Prev Bits: [0x0000000027e00000, 0x0000000028dd0000)
 Next Bits: [0x0000000026e30000, 0x0000000027e00000)

Polling page: 0x00000000001d0000

Metaspace:

Usage:
  Non-class:    181.77 MB capacity,   178.12 MB ( 98%) used,     3.03 MB (  2%) free+waste,   632.94 KB ( <1%) overhead. 
      Class:     26.41 MB capacity,    24.11 MB ( 91%) used,     2.01 MB (  8%) free+waste,   293.94 KB (  1%) overhead. 
       Both:    208.17 MB capacity,   202.23 MB ( 97%) used,     5.04 MB (  2%) free+waste,   926.88 KB ( <1%) overhead. 

Virtual space:
  Non-class space:      186.00 MB reserved,     184.81 MB (>99%) committed 
      Class space:        1.00 GB reserved,      27.92 MB (  3%) committed 
             Both:        1.18 GB reserved,     212.73 MB ( 18%) committed 

Chunk freelists:
   Non-Class:  2.85 MB
       Class:  1.44 MB
        Both:  4.29 MB

MaxMetaspaceSize: 17179869184.00 GB
CompressedClassSpaceSize: 1.00 GB
Initial GC threshold: 20.80 MB
Current GC threshold: 354.55 MB
CDS: off

CodeHeap 'non-profiled nmethods': size=259328Kb used=7918Kb max_used=7918Kb free=251409Kb
 bounds [0x00000000168c0000, 0x0000000017080000, 0x0000000026600000]
CodeHeap 'profiled nmethods': size=259264Kb used=38825Kb max_used=38825Kb free=220438Kb
 bounds [0x0000000006b90000, 0x0000000009180000, 0x00000000168c0000]
CodeHeap 'non-nmethods': size=5696Kb used=1992Kb max_used=2037Kb free=3703Kb
 bounds [0x0000000006600000, 0x0000000006870000, 0x0000000006b90000]
 total_blobs=21200 nmethods=19726 adapters=1381
 compilation: enabled
              stopped_count=0, restarted_count=0
 full_count=0

Compilation events (20 events):
Event: 255.567 Thread 0x000000002c01d000 nmethod 20030 0x0000000009175610 code [0x0000000009175840, 0x0000000009175ff8]
Event: 256.115 Thread 0x000000002c016800 20031       4       java.util.concurrent.atomic.AtomicBoolean::compareAndSet (26 bytes)
Event: 256.116 Thread 0x000000002c016800 nmethod 20031 0x000000001707b610 code [0x000000001707b7a0, 0x000000001707b838]
Event: 257.521 Thread 0x000000002c01d000 20032       3       com.intellij.openapi.vfs.impl.local.NativeFileWatcherImpl::isOperational (13 bytes)
Event: 257.521 Thread 0x000000002c01d000 nmethod 20032 0x0000000009176290 code [0x0000000009176440, 0x0000000009176598]
Event: 258.570 Thread 0x000000002c01d000 20033   !   3       javax.swing.RepaintManager$PaintManager::paintDoubleBufferedImpl (294 bytes)
Event: 258.571 Thread 0x000000002c01d000 nmethod 20033 0x0000000009176610 code [0x00000000091768a0, 0x0000000009177688]
Event: 258.571 Thread 0x000000002c01d000 20034       3       java.awt.image.VolatileImage::getGraphics (5 bytes)
Event: 258.571 Thread 0x000000002c01d000 nmethod 20034 0x0000000009177c90 code [0x0000000009177e40, 0x0000000009177fe8]
Event: 258.571 Thread 0x000000002c01d000 20035       3       sun.awt.image.SunVolatileImage::contentsLost (8 bytes)
Event: 258.571 Thread 0x000000002c01d000 nmethod 20035 0x0000000009178090 code [0x0000000009178240, 0x00000000091783d8]
Event: 259.524 Thread 0x000000002c01d000 20036       3       com.intellij.openapi.vfs.impl.local.FileWatcher::isOperational (45 bytes)
Event: 259.524 Thread 0x000000002c01d000 nmethod 20036 0x0000000009178490 code [0x0000000009178700, 0x0000000009178fd8]
Event: 259.808 Thread 0x000000002c01d000 20037       3       com.intellij.util.io.PagedFileStorage::force (108 bytes)
Event: 259.808 Thread 0x000000002c01d000 nmethod 20037 0x0000000009179290 code [0x0000000009179460, 0x0000000009179738]
Event: 259.808 Thread 0x000000002c01d000 20038       3       com.intellij.util.io.keyStorage.AppendableStorageBackedByResizableMappedFile::force (9 bytes)
Event: 259.809 Thread 0x000000002c01d000 nmethod 20038 0x0000000009179890 code [0x0000000009179a80, 0x0000000009179d68]
Event: 259.809 Thread 0x000000002c01d000 20039       3       com.intellij.util.io.keyStorage.AppendableStorageBackedByResizableMappedFile::flushKeyStoreBuffer (44 bytes)
Event: 259.809 Thread 0x000000002c01d000 nmethod 20039 0x0000000009179e90 code [0x000000000917a080, 0x000000000917a558]
Event: 261.049 Thread 0x000000002c016800 20040       4       java.lang.invoke.LambdaFormEditor::bindArgumentForm (269 bytes)

GC Heap History (20 events):
Event: 15.497 GC heap before
{Heap before GC invocations=38 (full 0):
 garbage-first heap   total 224256K, used 175644K [0x00000000c0c00000, 0x0000000100000000)
  region size 1024K, 46 young (47104K), 6 survivors (6144K)
 Metaspace       used 150727K, capacity 155610K, committed 155788K, reserved 1185792K
  class space    used 17802K, capacity 19848K, committed 19940K, reserved 1048576K
}
Event: 15.532 GC heap after
{Heap after GC invocations=39 (full 0):
 garbage-first heap   total 224256K, used 142072K [0x00000000c0c00000, 0x0000000100000000)
  region size 1024K, 6 young (6144K), 6 survivors (6144K)
 Metaspace       used 150727K, capacity 155610K, committed 155788K, reserved 1185792K
  class space    used 17802K, capacity 19848K, committed 19940K, reserved 1048576K
}
Event: 16.501 GC heap before
{Heap before GC invocations=39 (full 0):
 garbage-first heap   total 224256K, used 186104K [0x00000000c0c00000, 0x0000000100000000)
  region size 1024K, 44 young (45056K), 6 survivors (6144K)
 Metaspace       used 158632K, capacity 164063K, committed 164364K, reserved 1191936K
  class space    used 18817K, capacity 21013K, committed 21092K, reserved 1048576K
}
Event: 16.523 GC heap after
{Heap after GC invocations=40 (full 0):
 garbage-first heap   total 224256K, used 154394K [0x00000000c0c00000, 0x0000000100000000)
  region size 1024K, 6 young (6144K), 6 survivors (6144K)
 Metaspace       used 158632K, capacity 164063K, committed 164364K, reserved 1191936K
  class space    used 18817K, capacity 21013K, committed 21092K, reserved 1048576K
}
Event: 17.966 GC heap before
{Heap before GC invocations=40 (full 0):
 garbage-first heap   total 224256K, used 184090K [0x00000000c0c00000, 0x0000000100000000)
  region size 1024K, 36 young (36864K), 6 survivors (6144K)
 Metaspace       used 168358K, capacity 174168K, committed 174476K, reserved 1202176K
  class space    used 20020K, capacity 22371K, committed 22500K, reserved 1048576K
}
Event: 17.981 GC heap after
{Heap after GC invocations=41 (full 0):
 garbage-first heap   total 287744K, used 158720K [0x00000000c0c00000, 0x0000000100000000)
  region size 1024K, 4 young (4096K), 4 survivors (4096K)
 Metaspace       used 168358K, capacity 174168K, committed 174476K, reserved 1202176K
  class space    used 20020K, capacity 22371K, committed 22500K, reserved 1048576K
}
Event: 19.018 GC heap before
{Heap before GC invocations=41 (full 0):
 garbage-first heap   total 287744K, used 207872K [0x00000000c0c00000, 0x0000000100000000)
  region size 1024K, 53 young (54272K), 4 survivors (4096K)
 Metaspace       used 179513K, capacity 186114K, committed 186380K, reserved 1212416K
  class space    used 21707K, capacity 24378K, committed 24420K, reserved 1048576K
}
Event: 19.032 GC heap after
{Heap after GC invocations=42 (full 0):
 garbage-first heap   total 287744K, used 164461K [0x00000000c0c00000, 0x0000000100000000)
  region size 1024K, 7 young (7168K), 7 survivors (7168K)
 Metaspace       used 179513K, capacity 186114K, committed 186380K, reserved 1212416K
  class space    used 21707K, capacity 24378K, committed 24420K, reserved 1048576K
}
Event: 19.861 GC heap before
{Heap before GC invocations=42 (full 0):
 garbage-first heap   total 287744K, used 219757K [0x00000000c0c00000, 0x0000000100000000)
  region size 1024K, 62 young (63488K), 7 survivors (7168K)
 Metaspace       used 182827K, capacity 189578K, committed 189708K, reserved 1214464K
  class space    used 22099K, capacity 24843K, committed 24932K, reserved 1048576K
}
Event: 19.871 GC heap after
{Heap after GC invocations=43 (full 0):
 garbage-first heap   total 287744K, used 167741K [0x00000000c0c00000, 0x0000000100000000)
  region size 1024K, 4 young (4096K), 4 survivors (4096K)
 Metaspace       used 182827K, capacity 189578K, committed 189708K, reserved 1214464K
  class space    used 22099K, capacity 24843K, committed 24932K, reserved 1048576K
}
Event: 21.078 GC heap before
{Heap before GC invocations=43 (full 0):
 garbage-first heap   total 287744K, used 228157K [0x00000000c0c00000, 0x0000000100000000)
  region size 1024K, 64 young (65536K), 4 survivors (4096K)
 Metaspace       used 194384K, capacity 201506K, committed 201740K, reserved 1224704K
  class space    used 23572K, capacity 26445K, committed 26468K, reserved 1048576K
}
Event: 21.091 GC heap after
{Heap after GC invocations=44 (full 0):
 garbage-first heap   total 287744K, used 173746K [0x00000000c0c00000, 0x0000000100000000)
  region size 1024K, 8 young (8192K), 8 survivors (8192K)
 Metaspace       used 194384K, capacity 201506K, committed 201740K, reserved 1224704K
  class space    used 23572K, capacity 26445K, committed 26468K, reserved 1048576K
}
Event: 22.078 GC heap before
{Heap before GC invocations=44 (full 0):
 garbage-first heap   total 287744K, used 215730K [0x00000000c0c00000, 0x0000000100000000)
  region size 1024K, 51 young (52224K), 8 survivors (8192K)
 Metaspace       used 203707K, capacity 210814K, committed 210956K, reserved 1232896K
  class space    used 24731K, capacity 27645K, committed 27748K, reserved 1048576K
}
Event: 22.097 GC heap after
{Heap after GC invocations=45 (full 0):
 garbage-first heap   total 287744K, used 180749K [0x00000000c0c00000, 0x0000000100000000)
  region size 1024K, 7 young (7168K), 7 survivors (7168K)
 Metaspace       used 203707K, capacity 210814K, committed 210956K, reserved 1232896K
  class space    used 24731K, capacity 27645K, committed 27748K, reserved 1048576K
}
Event: 85.966 GC heap before
{Heap before GC invocations=46 (full 0):
 garbage-first heap   total 287744K, used 228877K [0x00000000c0c00000, 0x0000000100000000)
  region size 1024K, 55 young (56320K), 7 survivors (7168K)
 Metaspace       used 207848K, capacity 215234K, committed 215404K, reserved 1236992K
  class space    used 25199K, capacity 28159K, committed 28208K, reserved 1048576K
}
Event: 85.981 GC heap after
{Heap after GC invocations=47 (full 0):
 garbage-first heap   total 287744K, used 186688K [0x00000000c0c00000, 0x0000000100000000)
  region size 1024K, 7 young (7168K), 7 survivors (7168K)
 Metaspace       used 207848K, capacity 215234K, committed 215404K, reserved 1236992K
  class space    used 25199K, capacity 28159K, committed 28208K, reserved 1048576K
}
Event: 108.338 GC heap before
{Heap before GC invocations=47 (full 0):
 garbage-first heap   total 287744K, used 193856K [0x00000000c0c00000, 0x0000000100000000)
  region size 1024K, 14 young (14336K), 7 survivors (7168K)
 Metaspace       used 207867K, capacity 215235K, committed 215404K, reserved 1236992K
  class space    used 25199K, capacity 28159K, committed 28208K, reserved 1048576K
}
Event: 108.359 GC heap after
{Heap after GC invocations=48 (full 0):
 garbage-first heap   total 287744K, used 182454K [0x00000000c0c00000, 0x0000000100000000)
  region size 1024K, 1 young (1024K), 1 survivors (1024K)
 Metaspace       used 207867K, capacity 215235K, committed 215404K, reserved 1236992K
  class space    used 25199K, capacity 28159K, committed 28208K, reserved 1048576K
}
Event: 196.978 GC heap before
{Heap before GC invocations=48 (full 0):
 garbage-first heap   total 287744K, used 231606K [0x00000000c0c00000, 0x0000000100000000)
  region size 1024K, 49 young (50176K), 1 survivors (1024K)
 Metaspace       used 209872K, capacity 217506K, committed 217836K, reserved 1239040K
  class space    used 25442K, capacity 28512K, committed 28592K, reserved 1048576K
}
Event: 196.986 GC heap after
{Heap after GC invocations=49 (full 0):
 garbage-first heap   total 287744K, used 182495K [0x00000000c0c00000, 0x0000000100000000)
  region size 1024K, 1 young (1024K), 1 survivors (1024K)
 Metaspace       used 209872K, capacity 217506K, committed 217836K, reserved 1239040K
  class space    used 25442K, capacity 28512K, committed 28592K, reserved 1048576K
}

Deoptimization events (20 events):
Event: 227.748 Thread 0x000000004ea9f800 Uncommon trap: trap_request=0xffffffbe fr.pc=0x000000001707218c relative=0x00000000000006ac
Event: 227.748 Thread 0x000000004ea9f800 Uncommon trap: reason=profile_predicate action=maybe_recompile pc=0x000000001707218c method=com.intellij.openapi.util.io.OSAgnosticPathUtil.startsWith(Ljava/lang/String;Ljava/lang/String;)Z @ 58 c2
Event: 227.748 Thread 0x000000004ea9f800 DEOPT PACKING pc=0x000000001707218c sp=0x0000000067e5d3b0
Event: 227.748 Thread 0x000000004ea9f800 DEOPT UNPACKING pc=0x000000000664a1af sp=0x0000000067e5d328 mode 2
Event: 227.749 Thread 0x000000004ea9f800 Uncommon trap: trap_request=0xffffffbe fr.pc=0x000000001707218c relative=0x00000000000006ac
Event: 227.749 Thread 0x000000004ea9f800 Uncommon trap: reason=profile_predicate action=maybe_recompile pc=0x000000001707218c method=com.intellij.openapi.util.io.OSAgnosticPathUtil.startsWith(Ljava/lang/String;Ljava/lang/String;)Z @ 58 c2
Event: 227.749 Thread 0x000000004ea9f800 DEOPT PACKING pc=0x000000001707218c sp=0x0000000067e5d3b0
Event: 227.749 Thread 0x000000004ea9f800 DEOPT UNPACKING pc=0x000000000664a1af sp=0x0000000067e5d328 mode 2
Event: 227.751 Thread 0x000000004ea9f800 Uncommon trap: trap_request=0xffffffbe fr.pc=0x000000001707218c relative=0x00000000000006ac
Event: 227.751 Thread 0x000000004ea9f800 Uncommon trap: reason=profile_predicate action=maybe_recompile pc=0x000000001707218c method=com.intellij.openapi.util.io.OSAgnosticPathUtil.startsWith(Ljava/lang/String;Ljava/lang/String;)Z @ 58 c2
Event: 227.751 Thread 0x000000004ea9f800 DEOPT PACKING pc=0x000000001707218c sp=0x0000000067e5d3b0
Event: 227.751 Thread 0x000000004ea9f800 DEOPT UNPACKING pc=0x000000000664a1af sp=0x0000000067e5d328 mode 2
Event: 227.753 Thread 0x000000004ea9f800 Uncommon trap: trap_request=0xffffffbe fr.pc=0x000000001707218c relative=0x00000000000006ac
Event: 227.753 Thread 0x000000004ea9f800 Uncommon trap: reason=profile_predicate action=maybe_recompile pc=0x000000001707218c method=com.intellij.openapi.util.io.OSAgnosticPathUtil.startsWith(Ljava/lang/String;Ljava/lang/String;)Z @ 58 c2
Event: 227.753 Thread 0x000000004ea9f800 DEOPT PACKING pc=0x000000001707218c sp=0x0000000067e5d3b0
Event: 227.753 Thread 0x000000004ea9f800 DEOPT UNPACKING pc=0x000000000664a1af sp=0x0000000067e5d328 mode 2
Event: 227.893 Thread 0x000000004ea9f800 Uncommon trap: trap_request=0xffffff7e fr.pc=0x0000000017073400 relative=0x00000000000007a0
Event: 227.893 Thread 0x000000004ea9f800 Uncommon trap: reason=predicate action=maybe_recompile pc=0x0000000017073400 method=com.intellij.openapi.util.io.OSAgnosticPathUtil.startsWith(Ljava/lang/String;Ljava/lang/String;)Z @ 58 c2
Event: 227.893 Thread 0x000000004ea9f800 DEOPT PACKING pc=0x0000000017073400 sp=0x0000000067e5d3b0
Event: 227.893 Thread 0x000000004ea9f800 DEOPT UNPACKING pc=0x000000000664a1af sp=0x0000000067e5d328 mode 2

Classes redefined (0 events):
No events

Internal exceptions (20 events):
Event: 27.768 Thread 0x000000004eaa5000 Exception <a 'java/lang/NoSuchMethodError'{0x00000000d09e80a0}: 'java.lang.Object java.lang.invoke.DirectMethodHandle$Holder.invokeSpecial(java.lang.Object, java.lang.Object, java.lang.Object, java.lang.Object, int, int, long)'> (0x00000000d09e80a0) thrown at [./src/hotspot/share/interpreter/linkResolver.cpp, line 773]
Event: 27.768 Thread 0x000000004eaa5000 Exception <a 'java/lang/NoSuchMethodError'{0x00000000d09eb668}: 'java.lang.Object java.lang.invoke.Invokers$Holder.linkToTargetMethod(java.lang.Object, java.lang.Object, int, int, long, java.lang.Object)'> (0x00000000d09eb668) thrown at [./src/hotspot/share/interpreter/linkResolver.cpp, line 773]
Event: 27.769 Thread 0x000000004eaa5000 Exception <a 'java/lang/NoSuchMethodError'{0x00000000d09ee480}: 'long java.lang.invoke.DirectMethodHandle$Holder.invokeVirtual(java.lang.Object, java.lang.Object)'> (0x00000000d09ee480) thrown at [./src/hotspot/share/interpreter/linkResolver.cpp, line 773]
Event: 27.992 Thread 0x000000004ea9e000 Implicit null exception at 0x0000000016fd3f53 to 0x0000000016fd4404
Event: 68.846 Thread 0x000000004eaa5000 Exception <a 'sun/nio/fs/WindowsException'{0x00000000d08cd260}> (0x00000000d08cd260) thrown at [./src/hotspot/share/prims/jni.cpp, line 615]
Event: 68.846 Thread 0x000000004eaa5000 Exception <a 'sun/nio/fs/WindowsException'{0x00000000d08d9ee8}> (0x00000000d08d9ee8) thrown at [./src/hotspot/share/prims/jni.cpp, line 615]
Event: 68.852 Thread 0x000000004eaa5000 Exception <a 'sun/nio/fs/WindowsException'{0x00000000cfbca290}> (0x00000000cfbca290) thrown at [./src/hotspot/share/prims/jni.cpp, line 615]
Event: 68.852 Thread 0x000000004eaa5000 Exception <a 'sun/nio/fs/WindowsException'{0x00000000cfbd6f18}> (0x00000000cfbd6f18) thrown at [./src/hotspot/share/prims/jni.cpp, line 615]
Event: 188.845 Thread 0x000000004eaa5000 Exception <a 'sun/nio/fs/WindowsException'{0x00000000d09a0588}> (0x00000000d09a0588) thrown at [./src/hotspot/share/prims/jni.cpp, line 615]
Event: 188.846 Thread 0x000000004eaa0800 Exception <a 'sun/nio/fs/WindowsException'{0x00000000d12ca590}> (0x00000000d12ca590) thrown at [./src/hotspot/share/prims/jni.cpp, line 615]
Event: 188.854 Thread 0x000000004eaa5000 Exception <a 'sun/nio/fs/WindowsException'{0x00000000d09aedb8}> (0x00000000d09aedb8) thrown at [./src/hotspot/share/prims/jni.cpp, line 615]
Event: 188.856 Thread 0x000000004eaa5000 Exception <a 'sun/nio/fs/WindowsException'{0x00000000d09d34e0}> (0x00000000d09d34e0) thrown at [./src/hotspot/share/prims/jni.cpp, line 615]
Event: 188.866 Thread 0x000000004eaa0800 Exception <a 'sun/nio/fs/WindowsException'{0x00000000d0839cd8}> (0x00000000d0839cd8) thrown at [./src/hotspot/share/prims/jni.cpp, line 615]
Event: 188.887 Thread 0x000000004eaa0800 Exception <a 'java/lang/NoSuchMethodError'{0x00000000d08b4260}: 'java.lang.Object java.lang.invoke.DirectMethodHandle$Holder.invokeStaticInit(java.lang.Object, java.lang.Object, int)'> (0x00000000d08b4260) thrown at [./src/hotspot/share/interpreter/linkResolver.cpp, line 773]
Event: 189.001 Thread 0x000000006703e000 Exception <a 'java/lang/NoSuchMethodError'{0x00000000d05dbb58}: 'void java.lang.invoke.DirectMethodHandle$Holder.invokeStatic(java.lang.Object, java.lang.Object, int)'> (0x00000000d05dbb58) thrown at [./src/hotspot/share/interpreter/linkResolver.cpp, line 773]
Event: 189.012 Thread 0x0000000067043000 Exception <a 'java/lang/NoSuchMethodError'{0x00000000d045d318}: 'int java.lang.invoke.DirectMethodHandle$Holder.invokeStaticInit(java.lang.Object, int, int)'> (0x00000000d045d318) thrown at [./src/hotspot/share/interpreter/linkResolver.cpp, line 773]
Event: 189.191 Thread 0x000000004eaa0800 Exception <a 'sun/nio/fs/WindowsException'{0x00000000cfca03d8}> (0x00000000cfca03d8) thrown at [./src/hotspot/share/prims/jni.cpp, line 615]
Event: 197.958 Thread 0x000000002f605000 Implicit null exception at 0x0000000016d470f0 to 0x0000000016d473bc
Event: 198.115 Thread 0x000000006703e000 Implicit null exception at 0x0000000016ddeebf to 0x0000000016ddef5c
Event: 204.179 Thread 0x000000002f605000 Implicit null exception at 0x0000000016b9e546 to 0x0000000016b9e8a8

Events (20 events):
Event: 198.242 Thread 0x0000000067047000 Thread exited: 0x0000000067047000
Event: 198.284 Executing VM operation: RevokeBias
Event: 198.284 Executing VM operation: RevokeBias done
Event: 198.284 Executing VM operation: RevokeBias
Event: 198.284 Executing VM operation: RevokeBias done
Event: 198.284 Executing VM operation: RevokeBias
Event: 198.284 Executing VM operation: RevokeBias done
Event: 198.285 Thread 0x000000006704a800 Thread exited: 0x000000006704a800
Event: 208.977 Executing VM operation: RevokeBias
Event: 208.977 Executing VM operation: RevokeBias done
Event: 249.027 Thread 0x0000000067042000 Thread exited: 0x0000000067042000
Event: 249.149 Thread 0x000000006704b000 Thread exited: 0x000000006704b000
Event: 249.204 Thread 0x0000000067049800 Thread exited: 0x0000000067049800
Event: 249.254 Thread 0x000000004ea9c000 Thread exited: 0x000000004ea9c000
Event: 256.115 loading class com/intellij/util/Function
Event: 256.115 loading class com/intellij/util/Function done
Event: 258.118 Thread 0x0000000067043000 Thread exited: 0x0000000067043000
Event: 258.188 Thread 0x0000000067040800 Thread exited: 0x0000000067040800
Event: 258.243 Thread 0x000000006704c000 Thread exited: 0x000000006704c000
Event: 258.286 Thread 0x000000004ea9a000 Thread exited: 0x000000004ea9a000


Dynamic libraries:
0x0000000140000000 - 0x00000001400dc000 	C:\Program Files\JetBrains\PyCharm Community Edition 2021.1.1\bin\pycharm64.exe
0x00007ff86e260000 - 0x00007ff86e44d000 	C:\Windows\SYSTEM32\ntdll.dll
0x00007ff86d5b0000 - 0x00007ff86d663000 	C:\Windows\System32\KERNEL32.DLL
0x00007ff86a310000 - 0x00007ff86a5a5000 	C:\Windows\System32\KERNELBASE.dll
0x00007ff86d370000 - 0x00007ff86d507000 	C:\Windows\System32\USER32.dll
0x00007ff86a9c0000 - 0x00007ff86a9e0000 	C:\Windows\System32\win32u.dll
0x00007ff86d520000 - 0x00007ff86d549000 	C:\Windows\System32\GDI32.dll
0x00007ff86a640000 - 0x00007ff86a7dc000 	C:\Windows\System32\gdi32full.dll
0x00007ff86b330000 - 0x00007ff86b3d0000 	C:\Windows\System32\msvcp_win.dll
0x00007ff86a9e0000 - 0x00007ff86aada000 	C:\Windows\System32\ucrtbase.dll
0x00007ff86b630000 - 0x00007ff86cb29000 	C:\Windows\System32\SHELL32.dll
0x00007ff86b590000 - 0x00007ff86b62e000 	C:\Windows\System32\msvcrt.dll
0x00007ff86aae0000 - 0x00007ff86ab2a000 	C:\Windows\System32\cfgmgr32.dll
0x00007ff86ddf0000 - 0x00007ff86de98000 	C:\Windows\System32\shcore.dll
0x00007ff86dea0000 - 0x00007ff86dfc2000 	C:\Windows\System32\RPCRT4.dll
0x00007ff86d6b0000 - 0x00007ff86d9de000 	C:\Windows\System32\combase.dll
0x00007ff86ab50000 - 0x00007ff86abcf000 	C:\Windows\System32\bcryptPrimitives.dll
0x00007ff86abd0000 - 0x00007ff86b323000 	C:\Windows\System32\windows.storage.dll
0x00007ff86db40000 - 0x00007ff86dbdf000 	C:\Windows\System32\sechost.dll
0x00007ff86b4e0000 - 0x00007ff86b583000 	C:\Windows\System32\advapi32.dll
0x00007ff86a280000 - 0x00007ff86a2a4000 	C:\Windows\System32\profapi.dll
0x00007ff86a2b0000 - 0x00007ff86a30d000 	C:\Windows\System32\powrprof.dll
0x00007ff86cc60000 - 0x00007ff86ccb2000 	C:\Windows\System32\shlwapi.dll
0x00007ff86a260000 - 0x00007ff86a271000 	C:\Windows\System32\kernel.appcore.dll
0x00007ff86ab30000 - 0x00007ff86ab47000 	C:\Windows\System32\cryptsp.dll
0x00007ff86d9e0000 - 0x00007ff86db36000 	C:\Windows\System32\ole32.dll
0x00007ff86d670000 - 0x00007ff86d69e000 	C:\Windows\System32\IMM32.DLL
0x00007ff8323f0000 - 0x00007ff832f48000 	C:\Program Files\JetBrains\PyCharm Community Edition 2021.1.1\jbr\bin\server\jvm.dll
0x00007ff86d510000 - 0x00007ff86d518000 	C:\Windows\System32\PSAPI.DLL
0x00007ff85f600000 - 0x00007ff85f609000 	C:\Windows\SYSTEM32\WSOCK32.dll
0x00007ff8682c0000 - 0x00007ff8682e4000 	C:\Windows\SYSTEM32\WINMM.dll
0x00007ff861320000 - 0x00007ff86132a000 	C:\Windows\SYSTEM32\VERSION.dll
0x00007ff85f420000 - 0x00007ff85f43b000 	C:\Windows\SYSTEM32\VCRUNTIME140.dll
0x00007ff868290000 - 0x00007ff8682bd000 	C:\Windows\SYSTEM32\winmmbase.dll
0x00007ff86d2f0000 - 0x00007ff86d35d000 	C:\Windows\System32\WS2_32.dll
0x00007ff85f2e0000 - 0x00007ff85f2f1000 	C:\Program Files\JetBrains\PyCharm Community Edition 2021.1.1\jbr\bin\verify.dll
0x00007ff84f5a0000 - 0x00007ff84f78d000 	C:\Windows\SYSTEM32\DBGHELP.DLL
0x00007ff84f570000 - 0x00007ff84f59a000 	C:\Windows\SYSTEM32\dbgcore.DLL
0x00007ff8533e0000 - 0x00007ff853409000 	C:\Program Files\JetBrains\PyCharm Community Edition 2021.1.1\jbr\bin\java.dll
0x00007ff85f410000 - 0x00007ff85f41b000 	C:\Program Files\JetBrains\PyCharm Community Edition 2021.1.1\jbr\bin\jimage.dll
0x00007ff85f210000 - 0x00007ff85f228000 	C:\Program Files\JetBrains\PyCharm Community Edition 2021.1.1\jbr\bin\zip.dll
0x00007ff8543d0000 - 0x00007ff8543ea000 	C:\Program Files\JetBrains\PyCharm Community Edition 2021.1.1\jbr\bin\net.dll
0x00007ff865600000 - 0x00007ff8656f4000 	C:\Windows\SYSTEM32\WINHTTP.dll
0x00007ff869a50000 - 0x00007ff869ab7000 	C:\Windows\system32\mswsock.dll
0x00007ff853e00000 - 0x00007ff853e14000 	C:\Program Files\JetBrains\PyCharm Community Edition 2021.1.1\jbr\bin\nio.dll
0x00007ff852f70000 - 0x00007ff852f98000 	C:\Program Files\JetBrains\PyCharm Community Edition 2021.1.1\jbr\bin\sunec.dll
0x00007ff8476b0000 - 0x00007ff847855000 	C:\Program Files\JetBrains\PyCharm Community Edition 2021.1.1\jbr\bin\awt.dll
0x00007ff868b40000 - 0x00007ff868b6e000 	C:\Windows\SYSTEM32\dwmapi.dll
0x00007ff86a7e0000 - 0x00007ff86a9bc000 	C:\Windows\System32\CRYPT32.dll
0x00007ff86a240000 - 0x00007ff86a252000 	C:\Windows\System32\MSASN1.dll
0x00007ff86e160000 - 0x00007ff86e224000 	C:\Windows\System32\OLEAUT32.dll
0x00007ff848750000 - 0x00007ff8487ed000 	C:\Program Files\JetBrains\PyCharm Community Edition 2021.1.1\bin\MSVCP140.dll
0x00007ff868570000 - 0x00007ff8685fc000 	C:\Windows\SYSTEM32\apphelp.dll
0x00007ff85f3c0000 - 0x00007ff85f3ca000 	C:\Program Files\JetBrains\PyCharm Community Edition 2021.1.1\jbr\bin\prefs.dll
0x00007ff85f860000 - 0x00007ff85f909000 	C:\Windows\WinSxS\amd64_microsoft.windows.common-controls_6595b64144ccf1df_5.82.17763.1637_none_6d09cfd059f68298\COMCTL32.dll
0x00007ff868800000 - 0x00007ff86889c000 	C:\Windows\system32\uxtheme.dll
0x00007ff86dff0000 - 0x00007ff86e15b000 	C:\Windows\System32\MSCTF.dll
0x00007ff8462b0000 - 0x00007ff8463d7000 	C:\Windows\system32\opengl32.dll
0x00007ff854300000 - 0x00007ff85432c000 	C:\Windows\SYSTEM32\GLU32.dll
0x00007ff8486c0000 - 0x00007ff848748000 	C:\Program Files\JetBrains\PyCharm Community Edition 2021.1.1\jbr\bin\freetype.dll
0x00007ff847600000 - 0x00007ff8476a9000 	C:\Program Files\JetBrains\PyCharm Community Edition 2021.1.1\jbr\bin\fontmanager.dll
0x00007ff8695d0000 - 0x00007ff869603000 	C:\Windows\system32\rsaenh.dll
0x00007ff86a610000 - 0x00007ff86a636000 	C:\Windows\System32\bcrypt.dll
0x00007ff86a170000 - 0x00007ff86a199000 	C:\Windows\SYSTEM32\USERENV.dll
0x00007ff869c20000 - 0x00007ff869c2c000 	C:\Windows\SYSTEM32\CRYPTBASE.dll
0x00007ff869770000 - 0x00007ff8697ad000 	C:\Windows\SYSTEM32\IPHLPAPI.DLL
0x00007ff86d6a0000 - 0x00007ff86d6a8000 	C:\Windows\System32\NSI.dll
0x00007ff862050000 - 0x00007ff862066000 	C:\Windows\SYSTEM32\dhcpcsvc6.DLL
0x00007ff861fe0000 - 0x00007ff861ffc000 	C:\Windows\SYSTEM32\dhcpcsvc.DLL
0x00007ff8697b0000 - 0x00007ff869876000 	C:\Windows\SYSTEM32\DNSAPI.dll
0x00007ff85f250000 - 0x00007ff85f25a000 	C:\Program Files\JetBrains\PyCharm Community Edition 2021.1.1\jbr\bin\management.dll
0x00007ff85f150000 - 0x00007ff85f15d000 	C:\Program Files\JetBrains\PyCharm Community Edition 2021.1.1\jbr\bin\management_ext.dll
0x00007ff84f040000 - 0x00007ff84f084000 	C:\Users\csiuser1\AppData\Local\JetBrains\PyCharmCE2021.2\tmp\jna168630840667556.dll
0x00007ff852ef0000 - 0x00007ff852f0b000 	C:\Program Files\JetBrains\PyCharm Community Edition 2021.1.1\bin\IdeaWin64.dll
0x00007ff861310000 - 0x00007ff86131a000 	C:\Windows\System32\rasadhlp.dll
0x00007ff861870000 - 0x00007ff8618e9000 	C:\Windows\System32\fwpuclnt.dll
0x00007ff86ccc0000 - 0x00007ff86cd62000 	C:\Windows\System32\clbcatq.dll
0x00007ff85d230000 - 0x00007ff85d4a9000 	C:\Windows\WinSxS\amd64_microsoft.windows.common-controls_6595b64144ccf1df_6.0.17763.1637_none_de704308534c3ec5\comctl32.dll
0x00007ff864320000 - 0x00007ff8644d8000 	C:\Windows\SYSTEM32\WindowsCodecs.dll
0x00007ff855a80000 - 0x00007ff855ad6000 	C:\Windows\system32\dataexchange.dll
0x00007ff867430000 - 0x00007ff8676ae000 	C:\Windows\system32\d3d11.dll
0x00007ff867c70000 - 0x00007ff867e34000 	C:\Windows\system32\dcomp.dll
0x00007ff868f50000 - 0x00007ff869012000 	C:\Windows\system32\dxgi.dll
0x00007ff8688d0000 - 0x00007ff868ae4000 	C:\Windows\system32\twinapi.appcore.dll
0x00007ff868af0000 - 0x00007ff868b18000 	C:\Windows\system32\RMCLIENT.dll
0x00007ff847550000 - 0x00007ff847588000 	C:\Program Files\JetBrains\PyCharm Community Edition 2021.1.1\bin\WinShellIntegrationBridge.dll
0x00007ff8537b0000 - 0x00007ff853842000 	C:\Windows\System32\appresolver.dll
0x00007ff866bc0000 - 0x00007ff866c1c000 	C:\Windows\System32\Bcp47Langs.dll
0x00007ff869140000 - 0x00007ff869168000 	C:\Windows\System32\SLC.dll
0x00007ff869110000 - 0x00007ff869136000 	C:\Windows\System32\sppc.dll
0x00007ff8661c0000 - 0x00007ff866369000 	C:\Windows\SYSTEM32\PROPSYS.dll
0x00007ff85bed0000 - 0x00007ff85bedd000 	C:\Windows\SYSTEM32\LINKINFO.dll
0x00007ff86d270000 - 0x00007ff86d2e5000 	C:\Windows\System32\coml2.dll
0x00007ff84db60000 - 0x00007ff84dc23000 	C:\Windows\SYSTEM32\ntshrui.dll
0x00007ff86a140000 - 0x00007ff86a16f000 	C:\Windows\SYSTEM32\SspiCli.dll
0x00007ff85e4f0000 - 0x00007ff85e516000 	C:\Windows\SYSTEM32\srvcli.dll
0x00007ff857bd0000 - 0x00007ff857be2000 	C:\Windows\SYSTEM32\cscapi.dll
0x00007ff8624b0000 - 0x00007ff862538000 	C:\Windows\SYSTEM32\policymanager.dll
0x00007ff862230000 - 0x00007ff8622ba000 	C:\Windows\SYSTEM32\msvcp110_win.dll
0x00007ff8415f0000 - 0x00007ff841695000 	C:\Program Files\JetBrains\PyCharm Community Edition 2021.1.1\lib\pty4j-native\win\x86-64\winpty.dll
0x00007ff8692a0000 - 0x00007ff8692d1000 	C:\Windows\SYSTEM32\ntmarta.dll
0x00007ff845fa0000 - 0x00007ff845fe2000 	C:\Program Files\JetBrains\PyCharm Community Edition 2021.1.1\jbr\bin\lcms.dll
0x00007ff850160000 - 0x00007ff8505e9000 	C:\Windows\system32\explorerframe.dll

dbghelp: loaded successfully - version: 4.0.5 - missing functions: none
symbol engine: initialized successfully - sym options: 0x614 - pdb path: .;C:\Program Files\JetBrains\PyCharm Community Edition 2021.1.1\bin;C:\Windows\SYSTEM32;C:\Program Files\JetBrains\PyCharm Community Edition 2021.1.1\jbr\bin\server;C:\Program Files\JetBrains\PyCharm Community Edition 2021.1.1\jbr\bin;C:\Windows\WinSxS\amd64_microsoft.windows.common-controls_6595b64144ccf1df_5.82.17763.1637_none_6d09cfd059f68298;C:\Users\csiuser1\AppData\Local\JetBrains\PyCharmCE2021.2\tmp;C:\Windows\WinSxS\amd64_microsoft.windows.common-controls_6595b64144ccf1df_6.0.17763.1637_none_de704308534c3ec5;C:\Program Files\JetBrains\PyCharm Community Edition 2021.1.1\lib\pty4j-native\win\x86-64

VM Arguments:
jvm_args: exit -Xms128m -Xmx1011m -XX:ReservedCodeCacheSize=512m -XX:+UseG1GC -XX:SoftRefLRUPolicyMSPerMB=50 -XX:CICompilerCount=2 -XX:+HeapDumpOnOutOfMemoryError -XX:-OmitStackTraceInFastThrow -ea -Dsun.io.useCanonCaches=false -Djdk.http.auth.tunneling.disabledSchemes="" -Djdk.attach.allowAttachSelf=true -Djdk.module.illegalAccess.silent=true -Dkotlinx.coroutines.debug=off -Djb.vmOptionsFile=C:\Users\csiuser1\AppData\Roaming\JetBrains\PyCharmCE2021.2\pycharm64.exe.vmoptions -Djava.system.class.loader=com.intellij.util.lang.PathClassLoader -Didea.vendor.name=JetBrains -Didea.paths.selector=PyCharmCE2021.2 -Didea.platform.prefix=PyCharmCore -Dsplash=true -Dide.native.launcher=true -XX:ErrorFile=C:\Users\csiuser1\java_error_in_pycharm64_%p.log -XX:HeapDumpPath=C:\Users\csiuser1\java_error_in_pycharm64.hprof 
java_command: <unknown>
java_class_path (initial): C:\Program Files\JetBrains\PyCharm Community Edition 2021.1.1\lib\bootstrap.jar;C:\Program Files\JetBrains\PyCharm Community Edition 2021.1.1\lib\util.jar;C:\Program Files\JetBrains\PyCharm Community Edition 2021.1.1\lib\jna.jar
Launcher Type: generic

[Global flags]
     intx CICompilerCount                          = 2                                         {product} {command line}
     uint ConcGCThreads                            = 1                                         {product} {ergonomic}
    ccstr ErrorFile                                = C:\Users\csiuser1\java_error_in_pycharm64_%p.log            {product} {command line}
     uint G1ConcRefinementThreads                  = 4                                         {product} {ergonomic}
   size_t G1HeapRegionSize                         = 1048576                                   {product} {ergonomic}
    uintx GCDrainStackTargetSize                   = 64                                        {product} {ergonomic}
     bool HeapDumpOnOutOfMemoryError               = true                                   {manageable} {command line}
    ccstr HeapDumpPath                             = C:\Users\csiuser1\java_error_in_pycharm64.hprof         {manageable} {command line}
   size_t InitialHeapSize                          = 134217728                                 {product} {command line}
   size_t MarkStackSize                            = 4194304                                   {product} {ergonomic}
   size_t MaxHeapSize                              = 1061158912                                {product} {command line, ergonomic}
   size_t MaxNewSize                               = 636485632                                 {product} {ergonomic}
   size_t MinHeapDeltaBytes                        = 1048576                                   {product} {ergonomic}
    uintx NonNMethodCodeHeapSize                   = 5825164                                {pd product} {ergonomic}
    uintx NonProfiledCodeHeapSize                  = 265522874                              {pd product} {ergonomic}
     bool OmitStackTraceInFastThrow                = false                                     {product} {command line}
    uintx ProfiledCodeHeapSize                     = 265522874                              {pd product} {ergonomic}
    uintx ReservedCodeCacheSize                    = 536870912                              {pd product} {command line}
     bool SegmentedCodeCache                       = true                                      {product} {ergonomic}
     intx SoftRefLRUPolicyMSPerMB                  = 50                                        {product} {command line}
     bool UseCompressedClassPointers               = true                                 {lp64_product} {ergonomic}
     bool UseCompressedOops                        = true                                 {lp64_product} {ergonomic}
     bool UseG1GC                                  = true                                      {product} {command line}
     bool UseLargePagesIndividualAllocation        = false                                  {pd product} {ergonomic}

Logging:
Log output configuration:
 #0: stdout all=warning uptime,level,tags
 #1: stderr all=off uptime,level,tags

Environment Variables:
PATH=C:\Program Files (x86)\Common Files\Oracle\Java\javapath;C:\Python39\Scripts\;C:\Python39\;C:\Program Files\Common Files\Oracle\Java\javapath;C:\Windows\system32;C:\Windows;C:\Windows\System32\Wbem;C:\Windows\System32\WindowsPowerShell\v1.0\;C:\Windows\System32\OpenSSH\;C:\Program Files\Amazon\cfn-bootstrap\;C:\ProgramData\chocolatey\bin;C:\ffmpeg-4.4-full_build\bin;C:\Program Files (x86)\PuTTY\;C:\Users\csiuser1\Desktop\ffmpeg-4.4-full_build\bin;C:\ProgramData\chocolatey\lib\Elixir/bin;C:\Program Files\Git\cmd;C:\Program Files\Docker\Docker\resources\bin;C:\ProgramData\DockerDesktop\version-bin;C:\Users\csiuser1\AppData\Local\Programs\Python\Python39\Scripts\;C:\Users\csiuser1\AppData\Local\Programs\Python\Python39\;C:\Users\csiuser1\scoop\shims;C:\Users\csiuser1\AppData\Local\Microsoft\WindowsApps;C:\Program Files\JetBrains\PyCharm Community Edition 2021.1.1\bin;C:\Users\csiuser1\Desktop\ffmpeg-4.4-full_build\bin;
USERNAME=csiuser1
OS=Windows_NT
PROCESSOR_IDENTIFIER=Intel64 Family 6 Model 79 Stepping 1, GenuineIntel



---------------  S Y S T E M  ---------------

OS: Windows Server 2019 , 64 bit Build 17763 (10.0.17763.475)
OS uptime: 193 days 23:41 hours
Xen hardware-assisted virtualization detected

CPU:total 4 (initial active 4) (4 cores per cpu, 1 threads per core) family 6 model 79 stepping 1 microcode 0xb00003e, cmov, cx8, fxsr, mmx, sse, sse2, sse3, ssse3, sse4.1, sse4.2, popcnt, avx, avx2, aes, clmul, erms, lzcnt, tsc, bmi1, bmi2, fma

Memory: 4k page, system-wide physical 16383M (593M free)
TotalPageFile size 31743M (AvailPageFile size 5M)
current process WorkingSet (physical memory assigned to process): 884M, peak: 900M
current process commit charge ("private bytes"): 740M, peak: 762M

vm_info: OpenJDK 64-Bit Server VM (11.0.12+7-b1504.40) for windows-amd64 JRE (11.0.12+7-b1504.40), built on Sep 23 2021 14:38:03 by "" with MS VC++ 14.0 (VS2015)

END.
